<?xml version="1.0" encoding="UTF-8"?>
<testsuite xmlns:xsi="http://www.w3.org/2001/XMLSchema-instance" xsi:noNamespaceSchemaLocation="https://maven.apache.org/surefire/maven-surefire-plugin/xsd/surefire-test-report.xsd" name="br.com.jonyfs.DemoApplicationTests" time="9.008" tests="1" errors="1" skipped="0" failures="0">
  <properties>
[...]
</properties>
  <testcase name="contextLoads" classname="br.com.jonyfs.DemoApplicationTests" time="0.005">
    <error message="Failed to load ApplicationContext" type="java.lang.IllegalStateException">java.lang.IllegalStateException: Failed to load ApplicationContext
Caused by: org.springframework.beans.factory.BeanCreationException: 
Error creating bean with name 'producer': Invocation of init method failed; nested exception is org.springframework.jms.InvalidDestinationException: AmazonServiceException: getQueueUrl. RequestId: b5908a52-a975-5136-9005-de5b248f81a9
HTTPStatusCode: 400 AmazonErrorCode: AWS.SimpleQueueService.NonExistentQueue; nested exception is javax.jms.InvalidDestinationException: AmazonServiceException: getQueueUrl. RequestId: b5908a52-a975-5136-9005-de5b248f81a9
HTTPStatusCode: 400 AmazonErrorCode: AWS.SimpleQueueService.NonExistentQueue
Caused by: org.springframework.jms.InvalidDestinationException: 
AmazonServiceException: getQueueUrl. RequestId: b5908a52-a975-5136-9005-de5b248f81a9
HTTPStatusCode: 400 AmazonErrorCode: AWS.SimpleQueueService.NonExistentQueue; nested exception is javax.jms.InvalidDestinationException: AmazonServiceException: getQueueUrl. RequestId: b5908a52-a975-5136-9005-de5b248f81a9
HTTPStatusCode: 400 AmazonErrorCode: AWS.SimpleQueueService.NonExistentQueue
Caused by: javax.jms.InvalidDestinationException: 
AmazonServiceException: getQueueUrl. RequestId: b5908a52-a975-5136-9005-de5b248f81a9
HTTPStatusCode: 400 AmazonErrorCode: AWS.SimpleQueueService.NonExistentQueue
Caused by: com.amazonaws.services.sqs.model.QueueDoesNotExistException: The specified queue does not exist for this wsdl version. (Service: AmazonSQS; Status Code: 400; Error Code: AWS.SimpleQueueService.NonExistentQueue; Request ID: b5908a52-a975-5136-9005-de5b248f81a9)
</error>
    <system-out><![CDATA[14:54:28.163 [main] DEBUG org.springframework.test.context.junit4.SpringJUnit4ClassRunner - SpringJUnit4ClassRunner constructor called with [class br.com.jonyfs.DemoApplicationTests]
14:54:28.169 [main] DEBUG org.springframework.test.context.BootstrapUtils - Instantiating CacheAwareContextLoaderDelegate from class [org.springframework.test.context.cache.DefaultCacheAwareContextLoaderDelegate]
14:54:28.174 [main] DEBUG org.springframework.test.context.BootstrapUtils - Instantiating BootstrapContext using constructor [public org.springframework.test.context.support.DefaultBootstrapContext(java.lang.Class,org.springframework.test.context.CacheAwareContextLoaderDelegate)]
14:54:28.186 [main] DEBUG org.springframework.test.context.BootstrapUtils - Instantiating TestContextBootstrapper for test class [br.com.jonyfs.DemoApplicationTests] from class [org.springframework.boot.test.context.SpringBootTestContextBootstrapper]
14:54:28.195 [main] INFO org.springframework.boot.test.context.SpringBootTestContextBootstrapper - Neither @ContextConfiguration nor @ContextHierarchy found for test class [br.com.jonyfs.DemoApplicationTests], using SpringBootContextLoader
14:54:28.198 [main] DEBUG org.springframework.test.context.support.AbstractContextLoader - Did not detect default resource location for test class [br.com.jonyfs.DemoApplicationTests]: class path resource [br/com/jonyfs/DemoApplicationTests-context.xml] does not exist
14:54:28.198 [main] DEBUG org.springframework.test.context.support.AbstractContextLoader - Did not detect default resource location for test class [br.com.jonyfs.DemoApplicationTests]: class path resource [br/com/jonyfs/DemoApplicationTestsContext.groovy] does not exist
14:54:28.198 [main] INFO org.springframework.test.context.support.AbstractContextLoader - Could not detect default resource locations for test class [br.com.jonyfs.DemoApplicationTests]: no resource found for suffixes {-context.xml, Context.groovy}.
14:54:28.199 [main] INFO org.springframework.test.context.support.AnnotationConfigContextLoaderUtils - Could not detect default configuration classes for test class [br.com.jonyfs.DemoApplicationTests]: DemoApplicationTests does not declare any static, non-private, non-final, nested classes annotated with @Configuration.
14:54:28.228 [main] DEBUG org.springframework.test.context.support.ActiveProfilesUtils - Could not find an 'annotation declaring class' for annotation type [org.springframework.test.context.ActiveProfiles] and class [br.com.jonyfs.DemoApplicationTests]
14:54:28.233 [main] DEBUG org.springframework.core.env.StandardEnvironment - Adding PropertySource 'systemProperties' with lowest search precedence
14:54:28.233 [main] DEBUG org.springframework.core.env.StandardEnvironment - Adding PropertySource 'systemEnvironment' with lowest search precedence
14:54:28.234 [main] DEBUG org.springframework.core.env.StandardEnvironment - Initialized StandardEnvironment with PropertySources [MapPropertySource@1293618474 {name='systemProperties', properties={java.runtime.name=Java(TM) SE Runtime Environment, sun.boot.library.path=/usr/lib/jvm/java-8-oracle/jre/lib/amd64, java.vm.version=25.181-b13, java.vm.vendor=Oracle Corporation, java.vendor.url=http://java.oracle.com/, path.separator=:, java.vm.name=Java HotSpot(TM) 64-Bit Server VM, file.encoding.pkg=sun.io, user.country=US, sun.java.launcher=SUN_STANDARD, sun.os.patch.level=unknown, java.vm.specification.name=Java Virtual Machine Specification, user.dir=/home/taquy/Projects/Spring/spring-boot-jms-sqs, java.runtime.version=1.8.0_181-b13, basedir=/home/taquy/Projects/Spring/spring-boot-jms-sqs, java.awt.graphicsenv=sun.awt.X11GraphicsEnvironment, java.endorsed.dirs=/usr/lib/jvm/java-8-oracle/jre/lib/endorsed, os.arch=amd64, surefire.real.class.path=/home/taquy/Projects/Spring/spring-boot-jms-sqs/target/surefire/surefirebooter6485370099353978067.jar, java.io.tmpdir=/tmp, line.separator=
, java.vm.specification.vendor=Oracle Corporation, os.name=Linux, sun.jnu.encoding=UTF-8, java.library.path=/usr/local/cuda/extras/CUPTI/lib64:/usr/local/cuda/extras/CUPTI/lib64:/usr/java/packages/lib/amd64:/usr/lib64:/lib64:/lib:/usr/lib, surefire.test.class.path=/home/taquy/Projects/Spring/spring-boot-jms-sqs/target/test-classes:/home/taquy/Projects/Spring/spring-boot-jms-sqs/target/classes:/home/taquy/.m2/repository/org/springframework/spring-web/5.0.1.RELEASE/spring-web-5.0.1.RELEASE.jar:/home/taquy/.m2/repository/org/springframework/spring-beans/5.0.1.RELEASE/spring-beans-5.0.1.RELEASE.jar:/home/taquy/.m2/repository/org/springframework/spring-core/5.0.1.RELEASE/spring-core-5.0.1.RELEASE.jar:/home/taquy/.m2/repository/org/springframework/spring-jcl/5.0.1.RELEASE/spring-jcl-5.0.1.RELEASE.jar:/home/taquy/.m2/repository/org/springframework/cloud/spring-cloud-starter-aws-messaging/2.0.0.M2/spring-cloud-starter-aws-messaging-2.0.0.M2.jar:/home/taquy/.m2/repository/org/springframework/cloud/spring-cloud-starter-aws/2.0.0.M2/spring-cloud-starter-aws-2.0.0.M2.jar:/home/taquy/.m2/repository/org/springframework/cloud/spring-cloud-aws-context/2.0.0.M2/spring-cloud-aws-context-2.0.0.M2.jar:/home/taquy/.m2/repository/org/springframework/cloud/spring-cloud-aws-core/2.0.0.M2/spring-cloud-aws-core-2.0.0.M2.jar:/home/taquy/.m2/repository/com/amazonaws/aws-java-sdk-s3/1.11.125/aws-java-sdk-s3-1.11.125.jar:/home/taquy/.m2/repository/com/amazonaws/aws-java-sdk-kms/1.11.125/aws-java-sdk-kms-1.11.125.jar:/home/taquy/.m2/repository/com/amazonaws/aws-java-sdk-ec2/1.11.125/aws-java-sdk-ec2-1.11.125.jar:/home/taquy/.m2/repository/com/amazonaws/aws-java-sdk-cloudformation/1.11.125/aws-java-sdk-cloudformation-1.11.125.jar:/home/taquy/.m2/repository/org/springframework/cloud/spring-cloud-aws-autoconfigure/2.0.0.M2/spring-cloud-aws-autoconfigure-2.0.0.M2.jar:/home/taquy/.m2/repository/org/springframework/cloud/spring-cloud-aws-messaging/2.0.0.M2/spring-cloud-aws-messaging-2.0.0.M2.jar:/home/taquy/.m2/repository/com/amazonaws/aws-java-sdk-sns/1.11.125/aws-java-sdk-sns-1.11.125.jar:/home/taquy/.m2/repository/org/slf4j/slf4j-api/1.7.25/slf4j-api-1.7.25.jar:/home/taquy/.m2/repository/com/amazonaws/amazon-sqs-java-messaging-lib/1.0.4/amazon-sqs-java-messaging-lib-1.0.4.jar:/home/taquy/.m2/repository/com/amazonaws/aws-java-sdk-sqs/1.11.125/aws-java-sdk-sqs-1.11.125.jar:/home/taquy/.m2/repository/com/amazonaws/aws-java-sdk-core/1.11.125/aws-java-sdk-core-1.11.125.jar:/home/taquy/.m2/repository/commons-logging/commons-logging/1.1.1/commons-logging-1.1.1.jar:/home/taquy/.m2/repository/org/apache/httpcomponents/httpclient/4.5.3/httpclient-4.5.3.jar:/home/taquy/.m2/repository/org/apache/httpcomponents/httpcore/4.4.8/httpcore-4.4.8.jar:/home/taquy/.m2/repository/commons-codec/commons-codec/1.11/commons-codec-1.11.jar:/home/taquy/.m2/repository/software/amazon/ion/ion-java/1.0.2/ion-java-1.0.2.jar:/home/taquy/.m2/repository/com/fasterxml/jackson/dataformat/jackson-dataformat-cbor/2.9.2/jackson-dataformat-cbor-2.9.2.jar:/home/taquy/.m2/repository/joda-time/joda-time/2.9.9/joda-time-2.9.9.jar:/home/taquy/.m2/repository/com/amazonaws/jmespath-java/1.11.125/jmespath-java-1.11.125.jar:/home/taquy/.m2/repository/org/apache/geronimo/specs/geronimo-jms_1.1_spec/1.1.1/geronimo-jms_1.1_spec-1.1.1.jar:/home/taquy/.m2/repository/org/springframework/boot/spring-boot-starter-logging/2.0.0.M6/spring-boot-starter-logging-2.0.0.M6.jar:/home/taquy/.m2/repository/ch/qos/logback/logback-classic/1.2.3/logback-classic-1.2.3.jar:/home/taquy/.m2/repository/ch/qos/logback/logback-core/1.2.3/logback-core-1.2.3.jar:/home/taquy/.m2/repository/org/apache/logging/log4j/log4j-to-slf4j/2.9.1/log4j-to-slf4j-2.9.1.jar:/home/taquy/.m2/repository/org/apache/logging/log4j/log4j-api/2.9.1/log4j-api-2.9.1.jar:/home/taquy/.m2/repository/org/slf4j/jul-to-slf4j/1.7.25/jul-to-slf4j-1.7.25.jar:/home/taquy/.m2/repository/org/slf4j/log4j-over-slf4j/1.7.25/log4j-over-slf4j-1.7.25.jar:/home/taquy/.m2/repository/org/springframework/spring-jms/5.0.1.RELEASE/spring-jms-5.0.1.RELEASE.jar:/home/taquy/.m2/repository/org/springframework/spring-messaging/5.0.1.RELEASE/spring-messaging-5.0.1.RELEASE.jar:/home/taquy/.m2/repository/org/springframework/spring-tx/5.0.1.RELEASE/spring-tx-5.0.1.RELEASE.jar:/home/taquy/.m2/repository/com/fasterxml/jackson/core/jackson-core/2.9.2/jackson-core-2.9.2.jar:/home/taquy/.m2/repository/com/fasterxml/jackson/core/jackson-databind/2.9.2/jackson-databind-2.9.2.jar:/home/taquy/.m2/repository/com/fasterxml/jackson/core/jackson-annotations/2.9.0/jackson-annotations-2.9.0.jar:/home/taquy/.m2/repository/org/springframework/boot/spring-boot-devtools/2.0.0.M6/spring-boot-devtools-2.0.0.M6.jar:/home/taquy/.m2/repository/org/springframework/boot/spring-boot/2.0.0.M6/spring-boot-2.0.0.M6.jar:/home/taquy/.m2/repository/org/springframework/spring-context/5.0.1.RELEASE/spring-context-5.0.1.RELEASE.jar:/home/taquy/.m2/repository/org/springframework/spring-aop/5.0.1.RELEASE/spring-aop-5.0.1.RELEASE.jar:/home/taquy/.m2/repository/org/springframework/spring-expression/5.0.1.RELEASE/spring-expression-5.0.1.RELEASE.jar:/home/taquy/.m2/repository/org/springframework/boot/spring-boot-autoconfigure/2.0.0.M6/spring-boot-autoconfigure-2.0.0.M6.jar:/home/taquy/.m2/repository/org/projectlombok/lombok/1.16.18/lombok-1.16.18.jar:/home/taquy/.m2/repository/org/springframework/boot/spring-boot-starter-test/2.0.0.M6/spring-boot-starter-test-2.0.0.M6.jar:/home/taquy/.m2/repository/org/springframework/boot/spring-boot-starter/2.0.0.M6/spring-boot-starter-2.0.0.M6.jar:/home/taquy/.m2/repository/javax/annotation/javax.annotation-api/1.3.1/javax.annotation-api-1.3.1.jar:/home/taquy/.m2/repository/org/yaml/snakeyaml/1.19/snakeyaml-1.19.jar:/home/taquy/.m2/repository/org/springframework/boot/spring-boot-test/2.0.0.M6/spring-boot-test-2.0.0.M6.jar:/home/taquy/.m2/repository/org/springframework/boot/spring-boot-test-autoconfigure/2.0.0.M6/spring-boot-test-autoconfigure-2.0.0.M6.jar:/home/taquy/.m2/repository/com/jayway/jsonpath/json-path/2.4.0/json-path-2.4.0.jar:/home/taquy/.m2/repository/net/minidev/json-smart/2.3/json-smart-2.3.jar:/home/taquy/.m2/repository/net/minidev/accessors-smart/1.2/accessors-smart-1.2.jar:/home/taquy/.m2/repository/org/ow2/asm/asm/5.0.4/asm-5.0.4.jar:/home/taquy/.m2/repository/junit/junit/4.12/junit-4.12.jar:/home/taquy/.m2/repository/org/assertj/assertj-core/3.8.0/assertj-core-3.8.0.jar:/home/taquy/.m2/repository/org/mockito/mockito-core/2.11.0/mockito-core-2.11.0.jar:/home/taquy/.m2/repository/net/bytebuddy/byte-buddy/1.7.8/byte-buddy-1.7.8.jar:/home/taquy/.m2/repository/net/bytebuddy/byte-buddy-agent/1.7.8/byte-buddy-agent-1.7.8.jar:/home/taquy/.m2/repository/org/objenesis/objenesis/2.6/objenesis-2.6.jar:/home/taquy/.m2/repository/org/hamcrest/hamcrest-core/1.3/hamcrest-core-1.3.jar:/home/taquy/.m2/repository/org/hamcrest/hamcrest-library/1.3/hamcrest-library-1.3.jar:/home/taquy/.m2/repository/org/skyscreamer/jsonassert/1.5.0/jsonassert-1.5.0.jar:/home/taquy/.m2/repository/com/vaadin/external/google/android-json/0.0.20131108.vaadin1/android-json-0.0.20131108.vaadin1.jar:/home/taquy/.m2/repository/org/springframework/spring-test/5.0.1.RELEASE/spring-test-5.0.1.RELEASE.jar:/home/taquy/.m2/repository/org/xmlunit/xmlunit-core/2.5.0/xmlunit-core-2.5.0.jar:, java.specification.name=Java Platform API Specification, java.class.version=52.0, sun.management.compiler=HotSpot 64-Bit Tiered Compilers, os.version=4.15.0-33-generic, user.home=/home/taquy, user.timezone=Asia/Ho_Chi_Minh, java.awt.printerjob=sun.print.PSPrinterJob, file.encoding=UTF-8, java.specification.version=1.8, java.class.path=/home/taquy/Projects/Spring/spring-boot-jms-sqs/target/test-classes:/home/taquy/Projects/Spring/spring-boot-jms-sqs/target/classes:/home/taquy/.m2/repository/org/springframework/spring-web/5.0.1.RELEASE/spring-web-5.0.1.RELEASE.jar:/home/taquy/.m2/repository/org/springframework/spring-beans/5.0.1.RELEASE/spring-beans-5.0.1.RELEASE.jar:/home/taquy/.m2/repository/org/springframework/spring-core/5.0.1.RELEASE/spring-core-5.0.1.RELEASE.jar:/home/taquy/.m2/repository/org/springframework/spring-jcl/5.0.1.RELEASE/spring-jcl-5.0.1.RELEASE.jar:/home/taquy/.m2/repository/org/springframework/cloud/spring-cloud-starter-aws-messaging/2.0.0.M2/spring-cloud-starter-aws-messaging-2.0.0.M2.jar:/home/taquy/.m2/repository/org/springframework/cloud/spring-cloud-starter-aws/2.0.0.M2/spring-cloud-starter-aws-2.0.0.M2.jar:/home/taquy/.m2/repository/org/springframework/cloud/spring-cloud-aws-context/2.0.0.M2/spring-cloud-aws-context-2.0.0.M2.jar:/home/taquy/.m2/repository/org/springframework/cloud/spring-cloud-aws-core/2.0.0.M2/spring-cloud-aws-core-2.0.0.M2.jar:/home/taquy/.m2/repository/com/amazonaws/aws-java-sdk-s3/1.11.125/aws-java-sdk-s3-1.11.125.jar:/home/taquy/.m2/repository/com/amazonaws/aws-java-sdk-kms/1.11.125/aws-java-sdk-kms-1.11.125.jar:/home/taquy/.m2/repository/com/amazonaws/aws-java-sdk-ec2/1.11.125/aws-java-sdk-ec2-1.11.125.jar:/home/taquy/.m2/repository/com/amazonaws/aws-java-sdk-cloudformation/1.11.125/aws-java-sdk-cloudformation-1.11.125.jar:/home/taquy/.m2/repository/org/springframework/cloud/spring-cloud-aws-autoconfigure/2.0.0.M2/spring-cloud-aws-autoconfigure-2.0.0.M2.jar:/home/taquy/.m2/repository/org/springframework/cloud/spring-cloud-aws-messaging/2.0.0.M2/spring-cloud-aws-messaging-2.0.0.M2.jar:/home/taquy/.m2/repository/com/amazonaws/aws-java-sdk-sns/1.11.125/aws-java-sdk-sns-1.11.125.jar:/home/taquy/.m2/repository/org/slf4j/slf4j-api/1.7.25/slf4j-api-1.7.25.jar:/home/taquy/.m2/repository/com/amazonaws/amazon-sqs-java-messaging-lib/1.0.4/amazon-sqs-java-messaging-lib-1.0.4.jar:/home/taquy/.m2/repository/com/amazonaws/aws-java-sdk-sqs/1.11.125/aws-java-sdk-sqs-1.11.125.jar:/home/taquy/.m2/repository/com/amazonaws/aws-java-sdk-core/1.11.125/aws-java-sdk-core-1.11.125.jar:/home/taquy/.m2/repository/commons-logging/commons-logging/1.1.1/commons-logging-1.1.1.jar:/home/taquy/.m2/repository/org/apache/httpcomponents/httpclient/4.5.3/httpclient-4.5.3.jar:/home/taquy/.m2/repository/org/apache/httpcomponents/httpcore/4.4.8/httpcore-4.4.8.jar:/home/taquy/.m2/repository/commons-codec/commons-codec/1.11/commons-codec-1.11.jar:/home/taquy/.m2/repository/software/amazon/ion/ion-java/1.0.2/ion-java-1.0.2.jar:/home/taquy/.m2/repository/com/fasterxml/jackson/dataformat/jackson-dataformat-cbor/2.9.2/jackson-dataformat-cbor-2.9.2.jar:/home/taquy/.m2/repository/joda-time/joda-time/2.9.9/joda-time-2.9.9.jar:/home/taquy/.m2/repository/com/amazonaws/jmespath-java/1.11.125/jmespath-java-1.11.125.jar:/home/taquy/.m2/repository/org/apache/geronimo/specs/geronimo-jms_1.1_spec/1.1.1/geronimo-jms_1.1_spec-1.1.1.jar:/home/taquy/.m2/repository/org/springframework/boot/spring-boot-starter-logging/2.0.0.M6/spring-boot-starter-logging-2.0.0.M6.jar:/home/taquy/.m2/repository/ch/qos/logback/logback-classic/1.2.3/logback-classic-1.2.3.jar:/home/taquy/.m2/repository/ch/qos/logback/logback-core/1.2.3/logback-core-1.2.3.jar:/home/taquy/.m2/repository/org/apache/logging/log4j/log4j-to-slf4j/2.9.1/log4j-to-slf4j-2.9.1.jar:/home/taquy/.m2/repository/org/apache/logging/log4j/log4j-api/2.9.1/log4j-api-2.9.1.jar:/home/taquy/.m2/repository/org/slf4j/jul-to-slf4j/1.7.25/jul-to-slf4j-1.7.25.jar:/home/taquy/.m2/repository/org/slf4j/log4j-over-slf4j/1.7.25/log4j-over-slf4j-1.7.25.jar:/home/taquy/.m2/repository/org/springframework/spring-jms/5.0.1.RELEASE/spring-jms-5.0.1.RELEASE.jar:/home/taquy/.m2/repository/org/springframework/spring-messaging/5.0.1.RELEASE/spring-messaging-5.0.1.RELEASE.jar:/home/taquy/.m2/repository/org/springframework/spring-tx/5.0.1.RELEASE/spring-tx-5.0.1.RELEASE.jar:/home/taquy/.m2/repository/com/fasterxml/jackson/core/jackson-core/2.9.2/jackson-core-2.9.2.jar:/home/taquy/.m2/repository/com/fasterxml/jackson/core/jackson-databind/2.9.2/jackson-databind-2.9.2.jar:/home/taquy/.m2/repository/com/fasterxml/jackson/core/jackson-annotations/2.9.0/jackson-annotations-2.9.0.jar:/home/taquy/.m2/repository/org/springframework/boot/spring-boot-devtools/2.0.0.M6/spring-boot-devtools-2.0.0.M6.jar:/home/taquy/.m2/repository/org/springframework/boot/spring-boot/2.0.0.M6/spring-boot-2.0.0.M6.jar:/home/taquy/.m2/repository/org/springframework/spring-context/5.0.1.RELEASE/spring-context-5.0.1.RELEASE.jar:/home/taquy/.m2/repository/org/springframework/spring-aop/5.0.1.RELEASE/spring-aop-5.0.1.RELEASE.jar:/home/taquy/.m2/repository/org/springframework/spring-expression/5.0.1.RELEASE/spring-expression-5.0.1.RELEASE.jar:/home/taquy/.m2/repository/org/springframework/boot/spring-boot-autoconfigure/2.0.0.M6/spring-boot-autoconfigure-2.0.0.M6.jar:/home/taquy/.m2/repository/org/projectlombok/lombok/1.16.18/lombok-1.16.18.jar:/home/taquy/.m2/repository/org/springframework/boot/spring-boot-starter-test/2.0.0.M6/spring-boot-starter-test-2.0.0.M6.jar:/home/taquy/.m2/repository/org/springframework/boot/spring-boot-starter/2.0.0.M6/spring-boot-starter-2.0.0.M6.jar:/home/taquy/.m2/repository/javax/annotation/javax.annotation-api/1.3.1/javax.annotation-api-1.3.1.jar:/home/taquy/.m2/repository/org/yaml/snakeyaml/1.19/snakeyaml-1.19.jar:/home/taquy/.m2/repository/org/springframework/boot/spring-boot-test/2.0.0.M6/spring-boot-test-2.0.0.M6.jar:/home/taquy/.m2/repository/org/springframework/boot/spring-boot-test-autoconfigure/2.0.0.M6/spring-boot-test-autoconfigure-2.0.0.M6.jar:/home/taquy/.m2/repository/com/jayway/jsonpath/json-path/2.4.0/json-path-2.4.0.jar:/home/taquy/.m2/repository/net/minidev/json-smart/2.3/json-smart-2.3.jar:/home/taquy/.m2/repository/net/minidev/accessors-smart/1.2/accessors-smart-1.2.jar:/home/taquy/.m2/repository/org/ow2/asm/asm/5.0.4/asm-5.0.4.jar:/home/taquy/.m2/repository/junit/junit/4.12/junit-4.12.jar:/home/taquy/.m2/repository/org/assertj/assertj-core/3.8.0/assertj-core-3.8.0.jar:/home/taquy/.m2/repository/org/mockito/mockito-core/2.11.0/mockito-core-2.11.0.jar:/home/taquy/.m2/repository/net/bytebuddy/byte-buddy/1.7.8/byte-buddy-1.7.8.jar:/home/taquy/.m2/repository/net/bytebuddy/byte-buddy-agent/1.7.8/byte-buddy-agent-1.7.8.jar:/home/taquy/.m2/repository/org/objenesis/objenesis/2.6/objenesis-2.6.jar:/home/taquy/.m2/repository/org/hamcrest/hamcrest-core/1.3/hamcrest-core-1.3.jar:/home/taquy/.m2/repository/org/hamcrest/hamcrest-library/1.3/hamcrest-library-1.3.jar:/home/taquy/.m2/repository/org/skyscreamer/jsonassert/1.5.0/jsonassert-1.5.0.jar:/home/taquy/.m2/repository/com/vaadin/external/google/android-json/0.0.20131108.vaadin1/android-json-0.0.20131108.vaadin1.jar:/home/taquy/.m2/repository/org/springframework/spring-test/5.0.1.RELEASE/spring-test-5.0.1.RELEASE.jar:/home/taquy/.m2/repository/org/xmlunit/xmlunit-core/2.5.0/xmlunit-core-2.5.0.jar:, user.name=taquy, java.vm.specification.version=1.8, sun.java.command=/home/taquy/Projects/Spring/spring-boot-jms-sqs/target/surefire/surefirebooter6485370099353978067.jar /home/taquy/Projects/Spring/spring-boot-jms-sqs/target/surefire 2018-09-05T14-54-27_512-jvmRun1 surefire8795524015513391849tmp surefire_07246569884928283111tmp, java.home=/usr/lib/jvm/java-8-oracle/jre, sun.arch.data.model=64, user.language=en, java.specification.vendor=Oracle Corporation, awt.toolkit=sun.awt.X11.XToolkit, java.vm.info=mixed mode, java.version=1.8.0_181, java.ext.dirs=/usr/lib/jvm/java-8-oracle/jre/lib/ext:/usr/java/packages/lib/ext, sun.boot.class.path=/usr/lib/jvm/java-8-oracle/jre/lib/resources.jar:/usr/lib/jvm/java-8-oracle/jre/lib/rt.jar:/usr/lib/jvm/java-8-oracle/jre/lib/sunrsasign.jar:/usr/lib/jvm/java-8-oracle/jre/lib/jsse.jar:/usr/lib/jvm/java-8-oracle/jre/lib/jce.jar:/usr/lib/jvm/java-8-oracle/jre/lib/charsets.jar:/usr/lib/jvm/java-8-oracle/jre/lib/jfr.jar:/usr/lib/jvm/java-8-oracle/jre/classes, java.vendor=Oracle Corporation, localRepository=/home/taquy/.m2/repository, file.separator=/, java.vendor.url.bug=http://bugreport.sun.com/bugreport/, sun.io.unicode.encoding=UnicodeLittle, sun.cpu.endian=little, sun.desktop=gnome, sun.cpu.isalist=}}, SystemEnvironmentPropertySource@156545103 {name='systemEnvironment', properties={NVM_RC_VERSION=, PATH=/home/taquy/.sdkman/candidates/springboot/current/bin:/home/taquy/bin:/home/taquy/.local/bin:/usr/local/sbin:/usr/local/bin:/usr/sbin:/usr/bin:/sbin:/bin:/usr/games:/usr/local/games:/snap/bin:/usr/lib/jvm/java-8-oracle/bin:/usr/lib/jvm/java-8-oracle/db/bin:/usr/lib/jvm/java-8-oracle/jre/bin:/usr/local/go/bin, LC_MEASUREMENT=en_US.UTF-8, XAUTHORITY=/run/user/1000/gdm/Xauthority, INVOCATION_ID=57d5c3402d63424ca6137682dc10bc57, SDKMAN_VERSION=5.7.2+323, XMODIFIERS=@im=ibus, LC_TELEPHONE=en_US.UTF-8, XDG_DATA_DIRS=/usr/share/gnome-xorg:/usr/local/share:/usr/share:/var/lib/snapd/desktop:/var/lib/snapd/desktop, GDMSESSION=gnome-xorg, MANDATORY_PATH=/usr/share/gconf/gnome-xorg.mandatory.path, LC_TIME=en_US.UTF-8, PAPERSIZE=letter, TEXTDOMAINDIR=/usr/share/locale/, ZEITGEIST_DATA_PATH=/home/taquy/.local/share/zeitgeist, GTK_IM_MODULE=ibus, DBUS_SESSION_BUS_ADDRESS=unix:path=/run/user/1000/bus,guid=d66799f57437b6fd29a82d0e5b8e9ef1, DEFAULTS_PATH=/usr/share/gconf/gnome-xorg.default.path, XDG_CURRENT_DESKTOP=GNOME, JOURNAL_STREAM=9:44530, SSH_AGENT_PID=3885, COLORTERM=truecolor, LD_LIBRARY_PATH=/usr/local/cuda/extras/CUPTI/lib64:/usr/local/cuda/extras/CUPTI/lib64, QT4_IM_MODULE=xim, LC_PAPER=en_US.UTF-8, SDKMAN_DIR=/home/taquy/.sdkman, SESSION_MANAGER=local/quyta:@/tmp/.ICE-unix/3792,unix/quyta:/tmp/.ICE-unix/3792, USERNAME=taquy, LOGNAME=taquy, PWD=/home/taquy/Projects/Spring/spring-boot-jms-sqs, MANAGERPID=2539, DERBY_HOME=/usr/lib/jvm/java-8-oracle/db, IM_CONFIG_PHASE=2, SPRINGBOOT_HOME=/home/taquy/.sdkman/candidates/springboot/current, PYTHONPATH=:/usr/local/lib/python3.5/dist-packages:/usr/local/lib/python3.5/dist-packages, SHELL=/bin/bash, LESSOPEN=| /usr/bin/lesspipe %s, LC_ADDRESS=en_US.UTF-8, SDKMAN_CANDIDATES_API=https://api.sdkman.io/2, GTK2_MODULES=overlay-scrollbar, J2SDKDIR=/usr/lib/jvm/java-8-oracle, OLDPWD=/home/taquy/Projects/Spring/spring-boot-jms-sqs, GNOME_DESKTOP_SESSION_ID=this-is-deprecated, GNOME_TERMINAL_SCREEN=/org/gnome/Terminal/screen/7ab2a8eb_7a7f_4c2f_85fe_a76930fcfad3, GTK_MODULES=gail:atk-bridge, J2REDIR=/usr/lib/jvm/java-8-oracle/jre, CLUTTER_IM_MODULE=xim, TEXTDOMAIN=im-config, NVM_IOJS_ORG_MIRROR=https://iojs.org/dist, DBUS_STARTER_ADDRESS=unix:path=/run/user/1000/bus,guid=d66799f57437b6fd29a82d0e5b8e9ef1, LS_COLORS=rs=0:di=01;34:ln=01;36:mh=00:pi=40;33:so=01;35:do=01;35:bd=40;33;01:cd=40;33;01:or=40;31;01:mi=00:su=37;41:sg=30;43:ca=30;41:tw=30;42:ow=34;42:st=37;44:ex=01;32:*.tar=01;31:*.tgz=01;31:*.arc=01;31:*.arj=01;31:*.taz=01;31:*.lha=01;31:*.lz4=01;31:*.lzh=01;31:*.lzma=01;31:*.tlz=01;31:*.txz=01;31:*.tzo=01;31:*.t7z=01;31:*.zip=01;31:*.z=01;31:*.Z=01;31:*.dz=01;31:*.gz=01;31:*.lrz=01;31:*.lz=01;31:*.lzo=01;31:*.xz=01;31:*.zst=01;31:*.tzst=01;31:*.bz2=01;31:*.bz=01;31:*.tbz=01;31:*.tbz2=01;31:*.tz=01;31:*.deb=01;31:*.rpm=01;31:*.jar=01;31:*.war=01;31:*.ear=01;31:*.sar=01;31:*.rar=01;31:*.alz=01;31:*.ace=01;31:*.zoo=01;31:*.cpio=01;31:*.7z=01;31:*.rz=01;31:*.cab=01;31:*.wim=01;31:*.swm=01;31:*.dwm=01;31:*.esd=01;31:*.jpg=01;35:*.jpeg=01;35:*.mjpg=01;35:*.mjpeg=01;35:*.gif=01;35:*.bmp=01;35:*.pbm=01;35:*.pgm=01;35:*.ppm=01;35:*.tga=01;35:*.xbm=01;35:*.xpm=01;35:*.tif=01;35:*.tiff=01;35:*.png=01;35:*.svg=01;35:*.svgz=01;35:*.mng=01;35:*.pcx=01;35:*.mov=01;35:*.mpg=01;35:*.mpeg=01;35:*.m2v=01;35:*.mkv=01;35:*.webm=01;35:*.ogm=01;35:*.mp4=01;35:*.m4v=01;35:*.mp4v=01;35:*.vob=01;35:*.qt=01;35:*.nuv=01;35:*.wmv=01;35:*.asf=01;35:*.rm=01;35:*.rmvb=01;35:*.flc=01;35:*.avi=01;35:*.fli=01;35:*.flv=01;35:*.gl=01;35:*.dl=01;35:*.xcf=01;35:*.xwd=01;35:*.yuv=01;35:*.cgm=01;35:*.emf=01;35:*.ogv=01;35:*.ogx=01;35:*.aac=00;36:*.au=00;36:*.flac=00;36:*.m4a=00;36:*.mid=00;36:*.midi=00;36:*.mka=00;36:*.mp3=00;36:*.mpc=00;36:*.ogg=00;36:*.ra=00;36:*.wav=00;36:*.oga=00;36:*.opus=00;36:*.spx=00;36:*.xspf=00;36:, XDG_SESSION_DESKTOP=gnome-xorg, SHLVL=1, LC_IDENTIFICATION=en_US.UTF-8, NVM_IOJS_ORG_VERSION_LISTING=https://iojs.org/dist/index.tab, LESSCLOSE=/usr/bin/lesspipe %s %s, LC_MONETARY=en_US.UTF-8, QT_IM_MODULE=ibus, JAVA_HOME=/usr/lib/jvm/java-8-oracle, TERM=xterm-256color, XDG_CONFIG_DIRS=/etc/xdg/xdg-gnome-xorg:/etc/xdg, GNOME_TERMINAL_SERVICE=:1.253, LANG=en_US.UTF-8, XDG_SESSION_ID=3, XDG_SESSION_TYPE=x11, DISPLAY=:0, NVM_NODEJS_ORG_MIRROR=https://nodejs.org/dist, LC_NAME=en_US.UTF-8, MAVEN_CMD_LINE_ARGS= package, SDKMAN_CANDIDATES_DIR=/home/taquy/.sdkman/candidates, _=/usr/bin/mvn, NVM_DIR=/home/taquy/.nvm, GPG_AGENT_INFO=/run/user/1000/gnupg/S.gpg-agent:0:1, MAVEN_PROJECTBASEDIR=/home/taquy/Projects/Spring/spring-boot-jms-sqs, DESKTOP_SESSION=gnome-xorg, SDKMAN_PLATFORM=Linux64, USER=taquy, XDG_MENU_PREFIX=gnome-, VTE_VERSION=5202, QT_ACCESSIBILITY=1, WINDOWPATH=2, LC_NUMERIC=en_US.UTF-8, SSH_AUTH_SOCK=/run/user/1000/keyring/ssh, XDG_SEAT=seat0, QT_QPA_PLATFORMTHEME=appmenu-qt5, XDG_VTNR=2, XDG_RUNTIME_DIR=/run/user/1000, DBUS_STARTER_BUS_TYPE=session, HOME=/home/taquy}}]
14:54:28.247 [main] DEBUG org.springframework.core.io.support.PathMatchingResourcePatternResolver - Resolved classpath location [br/com/jonyfs/] to resources [URL [file:/home/taquy/Projects/Spring/spring-boot-jms-sqs/target/test-classes/br/com/jonyfs/], URL [file:/home/taquy/Projects/Spring/spring-boot-jms-sqs/target/classes/br/com/jonyfs/]]
14:54:28.247 [main] DEBUG org.springframework.core.io.support.PathMatchingResourcePatternResolver - Looking for matching resources in directory tree [/home/taquy/Projects/Spring/spring-boot-jms-sqs/target/test-classes/br/com/jonyfs]
14:54:28.247 [main] DEBUG org.springframework.core.io.support.PathMatchingResourcePatternResolver - Searching directory [/home/taquy/Projects/Spring/spring-boot-jms-sqs/target/test-classes/br/com/jonyfs] for files matching pattern [/home/taquy/Projects/Spring/spring-boot-jms-sqs/target/test-classes/br/com/jonyfs/*.class]
14:54:28.250 [main] DEBUG org.springframework.core.io.support.PathMatchingResourcePatternResolver - Looking for matching resources in directory tree [/home/taquy/Projects/Spring/spring-boot-jms-sqs/target/classes/br/com/jonyfs]
14:54:28.251 [main] DEBUG org.springframework.core.io.support.PathMatchingResourcePatternResolver - Searching directory [/home/taquy/Projects/Spring/spring-boot-jms-sqs/target/classes/br/com/jonyfs] for files matching pattern [/home/taquy/Projects/Spring/spring-boot-jms-sqs/target/classes/br/com/jonyfs/*.class]
14:54:28.252 [main] DEBUG org.springframework.core.io.support.PathMatchingResourcePatternResolver - Resolved location pattern [classpath*:br/com/jonyfs/*.class] to resources [file [/home/taquy/Projects/Spring/spring-boot-jms-sqs/target/test-classes/br/com/jonyfs/DemoApplicationTests.class], file [/home/taquy/Projects/Spring/spring-boot-jms-sqs/target/classes/br/com/jonyfs/Consumer.class], file [/home/taquy/Projects/Spring/spring-boot-jms-sqs/target/classes/br/com/jonyfs/DemoApplication.class], file [/home/taquy/Projects/Spring/spring-boot-jms-sqs/target/classes/br/com/jonyfs/JmsConfig.class], file [/home/taquy/Projects/Spring/spring-boot-jms-sqs/target/classes/br/com/jonyfs/MyMessage$MyMessageBuilder.class], file [/home/taquy/Projects/Spring/spring-boot-jms-sqs/target/classes/br/com/jonyfs/MyMessage.class], file [/home/taquy/Projects/Spring/spring-boot-jms-sqs/target/classes/br/com/jonyfs/Producer$1.class], file [/home/taquy/Projects/Spring/spring-boot-jms-sqs/target/classes/br/com/jonyfs/Producer.class]]
14:54:28.305 [main] DEBUG org.springframework.context.annotation.ClassPathScanningCandidateComponentProvider - Identified candidate component class: file [/home/taquy/Projects/Spring/spring-boot-jms-sqs/target/classes/br/com/jonyfs/DemoApplication.class]
14:54:28.315 [main] INFO org.springframework.boot.test.context.SpringBootTestContextBootstrapper - Found @SpringBootConfiguration br.com.jonyfs.DemoApplication for test class br.com.jonyfs.DemoApplicationTests
14:54:28.431 [main] DEBUG org.springframework.boot.test.context.SpringBootTestContextBootstrapper - @TestExecutionListeners is not present for class [br.com.jonyfs.DemoApplicationTests]: using defaults.
14:54:28.431 [main] INFO org.springframework.boot.test.context.SpringBootTestContextBootstrapper - Loaded default TestExecutionListener class names from location [META-INF/spring.factories]: [org.springframework.boot.test.mock.mockito.MockitoTestExecutionListener, org.springframework.boot.test.mock.mockito.ResetMocksTestExecutionListener, org.springframework.boot.test.autoconfigure.restdocs.RestDocsTestExecutionListener, org.springframework.boot.test.autoconfigure.web.client.MockRestServiceServerResetTestExecutionListener, org.springframework.boot.test.autoconfigure.web.servlet.MockMvcPrintOnlyOnFailureTestExecutionListener, org.springframework.boot.test.autoconfigure.web.servlet.WebDriverTestExecutionListener, org.springframework.test.context.web.ServletTestExecutionListener, org.springframework.test.context.support.DirtiesContextBeforeModesTestExecutionListener, org.springframework.test.context.support.DependencyInjectionTestExecutionListener, org.springframework.test.context.support.DirtiesContextTestExecutionListener, org.springframework.test.context.transaction.TransactionalTestExecutionListener, org.springframework.test.context.jdbc.SqlScriptsTestExecutionListener]
14:54:28.440 [main] INFO org.springframework.boot.test.context.SpringBootTestContextBootstrapper - Could not instantiate TestExecutionListener [org.springframework.test.context.web.ServletTestExecutionListener]. Specify custom listener classes or make the default listener classes (and their required dependencies) available. Offending class: [javax/servlet/ServletContext]
14:54:28.443 [main] INFO org.springframework.boot.test.context.SpringBootTestContextBootstrapper - Using TestExecutionListeners: [org.springframework.test.context.support.DirtiesContextBeforeModesTestExecutionListener@1ce24091, org.springframework.boot.test.autoconfigure.SpringBootDependencyInjectionTestExecutionListener@5dda768f, org.springframework.test.context.support.DirtiesContextTestExecutionListener@7a8c8dcf, org.springframework.test.context.transaction.TransactionalTestExecutionListener@24269709, org.springframework.test.context.jdbc.SqlScriptsTestExecutionListener@2aceadd4, org.springframework.boot.test.autoconfigure.web.servlet.WebDriverTestExecutionListener@24aed80c, org.springframework.boot.test.autoconfigure.web.servlet.MockMvcPrintOnlyOnFailureTestExecutionListener@3a52dba3, org.springframework.boot.test.autoconfigure.restdocs.RestDocsTestExecutionListener@2a5c8d3f, org.springframework.boot.test.autoconfigure.web.client.MockRestServiceServerResetTestExecutionListener@752325ad, org.springframework.boot.test.mock.mockito.ResetMocksTestExecutionListener@279fedbd, org.springframework.boot.test.mock.mockito.MockitoTestExecutionListener@b3ca52e]
14:54:28.444 [main] DEBUG org.springframework.test.annotation.ProfileValueUtils - Retrieved @ProfileValueSourceConfiguration [null] for test class [br.com.jonyfs.DemoApplicationTests]
14:54:28.444 [main] DEBUG org.springframework.test.annotation.ProfileValueUtils - Retrieved ProfileValueSource type [class org.springframework.test.annotation.SystemProfileValueSource] for class [br.com.jonyfs.DemoApplicationTests]
14:54:28.445 [main] DEBUG org.springframework.test.annotation.ProfileValueUtils - Retrieved @ProfileValueSourceConfiguration [null] for test class [br.com.jonyfs.DemoApplicationTests]
14:54:28.445 [main] DEBUG org.springframework.test.annotation.ProfileValueUtils - Retrieved ProfileValueSource type [class org.springframework.test.annotation.SystemProfileValueSource] for class [br.com.jonyfs.DemoApplicationTests]
14:54:28.445 [main] DEBUG org.springframework.test.annotation.ProfileValueUtils - Retrieved @ProfileValueSourceConfiguration [null] for test class [br.com.jonyfs.DemoApplicationTests]
14:54:28.445 [main] DEBUG org.springframework.test.annotation.ProfileValueUtils - Retrieved ProfileValueSource type [class org.springframework.test.annotation.SystemProfileValueSource] for class [br.com.jonyfs.DemoApplicationTests]
14:54:28.448 [main] DEBUG org.springframework.test.context.support.AbstractDirtiesContextTestExecutionListener - Before test class: context [DefaultTestContext@70325e14 testClass = DemoApplicationTests, testInstance = [null], testMethod = [null], testException = [null], mergedContextConfiguration = [MergedContextConfiguration@37ceb1df testClass = DemoApplicationTests, locations = 'Before test class: context [DefaultTestContext@70325e14 testClass = DemoApplicationTests, testInstance = [null], testMethod = [null], testException = [null], mergedContextConfiguration = [MergedContextConfiguration@37ceb1df testClass = DemoApplicationTests, locations = '{}', classes = '{class br.com.jonyfs.DemoApplication}', contextInitializerClasses = '[]', activeProfiles = '{}', propertySourceLocations = '{}', propertySourceProperties = '{org.springframework.boot.test.context.SpringBootTestContextBootstrapper=true}', contextCustomizers = set[org.springframework.boot.test.context.SpringBootTestContextCustomizer@e874448, org.springframework.boot.test.context.filter.ExcludeFilterContextCustomizer@7113b13f, org.springframework.boot.test.json.DuplicateJsonObjectContextCustomizerFactory$DuplicateJsonObjectContextCustomizer@6043cd28, org.springframework.boot.test.mock.mockito.MockitoContextCustomizer@0, org.springframework.boot.test.autoconfigure.properties.PropertyMappingContextCustomizer@0, org.springframework.boot.test.autoconfigure.web.servlet.WebDriverContextCustomizerFactory$Customizer@42eca56e], contextLoader = 'org.springframework.boot.test.context.SpringBootContextLoader', parent = [null]], attributes = map[[empty]]], class annotated with @DirtiesContext [false] with mode [null].', classes = '{class br.com.jonyfs.DemoApplication}', contextInitializerClasses = '[]', activeProfiles = '{}', propertySourceLocations = '{}', propertySourceProperties = '{org.springframework.boot.test.context.SpringBootTestContextBootstrapper=true}', contextCustomizers = set[org.springframework.boot.test.context.SpringBootTestContextCustomizer@e874448, org.springframework.boot.test.context.filter.ExcludeFilterContextCustomizer@7113b13f, org.springframework.boot.test.json.DuplicateJsonObjectContextCustomizerFactory$DuplicateJsonObjectContextCustomizer@6043cd28, org.springframework.boot.test.mock.mockito.MockitoContextCustomizer@0, org.springframework.boot.test.autoconfigure.properties.PropertyMappingContextCustomizer@0, org.springframework.boot.test.autoconfigure.web.servlet.WebDriverContextCustomizerFactory$Customizer@42eca56e], contextLoader = 'org.springframework.boot.test.context.SpringBootContextLoader', parent = [null]], attributes = map[[empty]]], class annotated with @DirtiesContext [false] with mode [null].
14:54:28.449 [main] DEBUG org.springframework.test.annotation.ProfileValueUtils - Retrieved @ProfileValueSourceConfiguration [null] for test class [br.com.jonyfs.DemoApplicationTests]
14:54:28.449 [main] DEBUG org.springframework.test.annotation.ProfileValueUtils - Retrieved ProfileValueSource type [class org.springframework.test.annotation.SystemProfileValueSource] for class [br.com.jonyfs.DemoApplicationTests]
14:54:28.449 [main] DEBUG org.springframework.test.context.support.DependencyInjectionTestExecutionListener - Performing dependency injection for test context [[DefaultTestContext@70325e14 testClass = DemoApplicationTests, testInstance = br.com.jonyfs.DemoApplicationTests@3d34d211, testMethod = [null], testException = [null], mergedContextConfiguration = [MergedContextConfiguration@37ceb1df testClass = DemoApplicationTests, locations = 'Performing dependency injection for test context [[DefaultTestContext@70325e14 testClass = DemoApplicationTests, testInstance = br.com.jonyfs.DemoApplicationTests@3d34d211, testMethod = [null], testException = [null], mergedContextConfiguration = [MergedContextConfiguration@37ceb1df testClass = DemoApplicationTests, locations = '{}', classes = '{class br.com.jonyfs.DemoApplication}', contextInitializerClasses = '[]', activeProfiles = '{}', propertySourceLocations = '{}', propertySourceProperties = '{org.springframework.boot.test.context.SpringBootTestContextBootstrapper=true}', contextCustomizers = set[org.springframework.boot.test.context.SpringBootTestContextCustomizer@e874448, org.springframework.boot.test.context.filter.ExcludeFilterContextCustomizer@7113b13f, org.springframework.boot.test.json.DuplicateJsonObjectContextCustomizerFactory$DuplicateJsonObjectContextCustomizer@6043cd28, org.springframework.boot.test.mock.mockito.MockitoContextCustomizer@0, org.springframework.boot.test.autoconfigure.properties.PropertyMappingContextCustomizer@0, org.springframework.boot.test.autoconfigure.web.servlet.WebDriverContextCustomizerFactory$Customizer@42eca56e], contextLoader = 'org.springframework.boot.test.context.SpringBootContextLoader', parent = [null]], attributes = map[[empty]]]].', classes = '{class br.com.jonyfs.DemoApplication}', contextInitializerClasses = '[]', activeProfiles = '{}', propertySourceLocations = '{}', propertySourceProperties = '{org.springframework.boot.test.context.SpringBootTestContextBootstrapper=true}', contextCustomizers = set[org.springframework.boot.test.context.SpringBootTestContextCustomizer@e874448, org.springframework.boot.test.context.filter.ExcludeFilterContextCustomizer@7113b13f, org.springframework.boot.test.json.DuplicateJsonObjectContextCustomizerFactory$DuplicateJsonObjectContextCustomizer@6043cd28, org.springframework.boot.test.mock.mockito.MockitoContextCustomizer@0, org.springframework.boot.test.autoconfigure.properties.PropertyMappingContextCustomizer@0, org.springframework.boot.test.autoconfigure.web.servlet.WebDriverContextCustomizerFactory$Customizer@42eca56e], contextLoader = 'org.springframework.boot.test.context.SpringBootContextLoader', parent = [null]], attributes = map[[empty]]]].
14:54:28.465 [main] DEBUG org.springframework.core.env.StandardEnvironment - Adding PropertySource 'systemProperties' with lowest search precedence
14:54:28.466 [main] DEBUG org.springframework.core.env.StandardEnvironment - Adding PropertySource 'systemEnvironment' with lowest search precedence
14:54:28.466 [main] DEBUG org.springframework.core.env.StandardEnvironment - Initialized StandardEnvironment with PropertySources [MapPropertySource@555273695 {name='systemProperties', properties={java.runtime.name=Java(TM) SE Runtime Environment, sun.boot.library.path=/usr/lib/jvm/java-8-oracle/jre/lib/amd64, java.vm.version=25.181-b13, java.vm.vendor=Oracle Corporation, java.vendor.url=http://java.oracle.com/, path.separator=:, java.vm.name=Java HotSpot(TM) 64-Bit Server VM, file.encoding.pkg=sun.io, user.country=US, sun.java.launcher=SUN_STANDARD, sun.os.patch.level=unknown, java.vm.specification.name=Java Virtual Machine Specification, user.dir=/home/taquy/Projects/Spring/spring-boot-jms-sqs, java.runtime.version=1.8.0_181-b13, basedir=/home/taquy/Projects/Spring/spring-boot-jms-sqs, java.awt.graphicsenv=sun.awt.X11GraphicsEnvironment, java.endorsed.dirs=/usr/lib/jvm/java-8-oracle/jre/lib/endorsed, os.arch=amd64, surefire.real.class.path=/home/taquy/Projects/Spring/spring-boot-jms-sqs/target/surefire/surefirebooter6485370099353978067.jar, java.io.tmpdir=/tmp, line.separator=
, java.vm.specification.vendor=Oracle Corporation, os.name=Linux, sun.jnu.encoding=UTF-8, java.library.path=/usr/local/cuda/extras/CUPTI/lib64:/usr/local/cuda/extras/CUPTI/lib64:/usr/java/packages/lib/amd64:/usr/lib64:/lib64:/lib:/usr/lib, surefire.test.class.path=/home/taquy/Projects/Spring/spring-boot-jms-sqs/target/test-classes:/home/taquy/Projects/Spring/spring-boot-jms-sqs/target/classes:/home/taquy/.m2/repository/org/springframework/spring-web/5.0.1.RELEASE/spring-web-5.0.1.RELEASE.jar:/home/taquy/.m2/repository/org/springframework/spring-beans/5.0.1.RELEASE/spring-beans-5.0.1.RELEASE.jar:/home/taquy/.m2/repository/org/springframework/spring-core/5.0.1.RELEASE/spring-core-5.0.1.RELEASE.jar:/home/taquy/.m2/repository/org/springframework/spring-jcl/5.0.1.RELEASE/spring-jcl-5.0.1.RELEASE.jar:/home/taquy/.m2/repository/org/springframework/cloud/spring-cloud-starter-aws-messaging/2.0.0.M2/spring-cloud-starter-aws-messaging-2.0.0.M2.jar:/home/taquy/.m2/repository/org/springframework/cloud/spring-cloud-starter-aws/2.0.0.M2/spring-cloud-starter-aws-2.0.0.M2.jar:/home/taquy/.m2/repository/org/springframework/cloud/spring-cloud-aws-context/2.0.0.M2/spring-cloud-aws-context-2.0.0.M2.jar:/home/taquy/.m2/repository/org/springframework/cloud/spring-cloud-aws-core/2.0.0.M2/spring-cloud-aws-core-2.0.0.M2.jar:/home/taquy/.m2/repository/com/amazonaws/aws-java-sdk-s3/1.11.125/aws-java-sdk-s3-1.11.125.jar:/home/taquy/.m2/repository/com/amazonaws/aws-java-sdk-kms/1.11.125/aws-java-sdk-kms-1.11.125.jar:/home/taquy/.m2/repository/com/amazonaws/aws-java-sdk-ec2/1.11.125/aws-java-sdk-ec2-1.11.125.jar:/home/taquy/.m2/repository/com/amazonaws/aws-java-sdk-cloudformation/1.11.125/aws-java-sdk-cloudformation-1.11.125.jar:/home/taquy/.m2/repository/org/springframework/cloud/spring-cloud-aws-autoconfigure/2.0.0.M2/spring-cloud-aws-autoconfigure-2.0.0.M2.jar:/home/taquy/.m2/repository/org/springframework/cloud/spring-cloud-aws-messaging/2.0.0.M2/spring-cloud-aws-messaging-2.0.0.M2.jar:/home/taquy/.m2/repository/com/amazonaws/aws-java-sdk-sns/1.11.125/aws-java-sdk-sns-1.11.125.jar:/home/taquy/.m2/repository/org/slf4j/slf4j-api/1.7.25/slf4j-api-1.7.25.jar:/home/taquy/.m2/repository/com/amazonaws/amazon-sqs-java-messaging-lib/1.0.4/amazon-sqs-java-messaging-lib-1.0.4.jar:/home/taquy/.m2/repository/com/amazonaws/aws-java-sdk-sqs/1.11.125/aws-java-sdk-sqs-1.11.125.jar:/home/taquy/.m2/repository/com/amazonaws/aws-java-sdk-core/1.11.125/aws-java-sdk-core-1.11.125.jar:/home/taquy/.m2/repository/commons-logging/commons-logging/1.1.1/commons-logging-1.1.1.jar:/home/taquy/.m2/repository/org/apache/httpcomponents/httpclient/4.5.3/httpclient-4.5.3.jar:/home/taquy/.m2/repository/org/apache/httpcomponents/httpcore/4.4.8/httpcore-4.4.8.jar:/home/taquy/.m2/repository/commons-codec/commons-codec/1.11/commons-codec-1.11.jar:/home/taquy/.m2/repository/software/amazon/ion/ion-java/1.0.2/ion-java-1.0.2.jar:/home/taquy/.m2/repository/com/fasterxml/jackson/dataformat/jackson-dataformat-cbor/2.9.2/jackson-dataformat-cbor-2.9.2.jar:/home/taquy/.m2/repository/joda-time/joda-time/2.9.9/joda-time-2.9.9.jar:/home/taquy/.m2/repository/com/amazonaws/jmespath-java/1.11.125/jmespath-java-1.11.125.jar:/home/taquy/.m2/repository/org/apache/geronimo/specs/geronimo-jms_1.1_spec/1.1.1/geronimo-jms_1.1_spec-1.1.1.jar:/home/taquy/.m2/repository/org/springframework/boot/spring-boot-starter-logging/2.0.0.M6/spring-boot-starter-logging-2.0.0.M6.jar:/home/taquy/.m2/repository/ch/qos/logback/logback-classic/1.2.3/logback-classic-1.2.3.jar:/home/taquy/.m2/repository/ch/qos/logback/logback-core/1.2.3/logback-core-1.2.3.jar:/home/taquy/.m2/repository/org/apache/logging/log4j/log4j-to-slf4j/2.9.1/log4j-to-slf4j-2.9.1.jar:/home/taquy/.m2/repository/org/apache/logging/log4j/log4j-api/2.9.1/log4j-api-2.9.1.jar:/home/taquy/.m2/repository/org/slf4j/jul-to-slf4j/1.7.25/jul-to-slf4j-1.7.25.jar:/home/taquy/.m2/repository/org/slf4j/log4j-over-slf4j/1.7.25/log4j-over-slf4j-1.7.25.jar:/home/taquy/.m2/repository/org/springframework/spring-jms/5.0.1.RELEASE/spring-jms-5.0.1.RELEASE.jar:/home/taquy/.m2/repository/org/springframework/spring-messaging/5.0.1.RELEASE/spring-messaging-5.0.1.RELEASE.jar:/home/taquy/.m2/repository/org/springframework/spring-tx/5.0.1.RELEASE/spring-tx-5.0.1.RELEASE.jar:/home/taquy/.m2/repository/com/fasterxml/jackson/core/jackson-core/2.9.2/jackson-core-2.9.2.jar:/home/taquy/.m2/repository/com/fasterxml/jackson/core/jackson-databind/2.9.2/jackson-databind-2.9.2.jar:/home/taquy/.m2/repository/com/fasterxml/jackson/core/jackson-annotations/2.9.0/jackson-annotations-2.9.0.jar:/home/taquy/.m2/repository/org/springframework/boot/spring-boot-devtools/2.0.0.M6/spring-boot-devtools-2.0.0.M6.jar:/home/taquy/.m2/repository/org/springframework/boot/spring-boot/2.0.0.M6/spring-boot-2.0.0.M6.jar:/home/taquy/.m2/repository/org/springframework/spring-context/5.0.1.RELEASE/spring-context-5.0.1.RELEASE.jar:/home/taquy/.m2/repository/org/springframework/spring-aop/5.0.1.RELEASE/spring-aop-5.0.1.RELEASE.jar:/home/taquy/.m2/repository/org/springframework/spring-expression/5.0.1.RELEASE/spring-expression-5.0.1.RELEASE.jar:/home/taquy/.m2/repository/org/springframework/boot/spring-boot-autoconfigure/2.0.0.M6/spring-boot-autoconfigure-2.0.0.M6.jar:/home/taquy/.m2/repository/org/projectlombok/lombok/1.16.18/lombok-1.16.18.jar:/home/taquy/.m2/repository/org/springframework/boot/spring-boot-starter-test/2.0.0.M6/spring-boot-starter-test-2.0.0.M6.jar:/home/taquy/.m2/repository/org/springframework/boot/spring-boot-starter/2.0.0.M6/spring-boot-starter-2.0.0.M6.jar:/home/taquy/.m2/repository/javax/annotation/javax.annotation-api/1.3.1/javax.annotation-api-1.3.1.jar:/home/taquy/.m2/repository/org/yaml/snakeyaml/1.19/snakeyaml-1.19.jar:/home/taquy/.m2/repository/org/springframework/boot/spring-boot-test/2.0.0.M6/spring-boot-test-2.0.0.M6.jar:/home/taquy/.m2/repository/org/springframework/boot/spring-boot-test-autoconfigure/2.0.0.M6/spring-boot-test-autoconfigure-2.0.0.M6.jar:/home/taquy/.m2/repository/com/jayway/jsonpath/json-path/2.4.0/json-path-2.4.0.jar:/home/taquy/.m2/repository/net/minidev/json-smart/2.3/json-smart-2.3.jar:/home/taquy/.m2/repository/net/minidev/accessors-smart/1.2/accessors-smart-1.2.jar:/home/taquy/.m2/repository/org/ow2/asm/asm/5.0.4/asm-5.0.4.jar:/home/taquy/.m2/repository/junit/junit/4.12/junit-4.12.jar:/home/taquy/.m2/repository/org/assertj/assertj-core/3.8.0/assertj-core-3.8.0.jar:/home/taquy/.m2/repository/org/mockito/mockito-core/2.11.0/mockito-core-2.11.0.jar:/home/taquy/.m2/repository/net/bytebuddy/byte-buddy/1.7.8/byte-buddy-1.7.8.jar:/home/taquy/.m2/repository/net/bytebuddy/byte-buddy-agent/1.7.8/byte-buddy-agent-1.7.8.jar:/home/taquy/.m2/repository/org/objenesis/objenesis/2.6/objenesis-2.6.jar:/home/taquy/.m2/repository/org/hamcrest/hamcrest-core/1.3/hamcrest-core-1.3.jar:/home/taquy/.m2/repository/org/hamcrest/hamcrest-library/1.3/hamcrest-library-1.3.jar:/home/taquy/.m2/repository/org/skyscreamer/jsonassert/1.5.0/jsonassert-1.5.0.jar:/home/taquy/.m2/repository/com/vaadin/external/google/android-json/0.0.20131108.vaadin1/android-json-0.0.20131108.vaadin1.jar:/home/taquy/.m2/repository/org/springframework/spring-test/5.0.1.RELEASE/spring-test-5.0.1.RELEASE.jar:/home/taquy/.m2/repository/org/xmlunit/xmlunit-core/2.5.0/xmlunit-core-2.5.0.jar:, java.specification.name=Java Platform API Specification, java.class.version=52.0, sun.management.compiler=HotSpot 64-Bit Tiered Compilers, os.version=4.15.0-33-generic, user.home=/home/taquy, user.timezone=Asia/Ho_Chi_Minh, java.awt.printerjob=sun.print.PSPrinterJob, file.encoding=UTF-8, java.specification.version=1.8, java.class.path=/home/taquy/Projects/Spring/spring-boot-jms-sqs/target/test-classes:/home/taquy/Projects/Spring/spring-boot-jms-sqs/target/classes:/home/taquy/.m2/repository/org/springframework/spring-web/5.0.1.RELEASE/spring-web-5.0.1.RELEASE.jar:/home/taquy/.m2/repository/org/springframework/spring-beans/5.0.1.RELEASE/spring-beans-5.0.1.RELEASE.jar:/home/taquy/.m2/repository/org/springframework/spring-core/5.0.1.RELEASE/spring-core-5.0.1.RELEASE.jar:/home/taquy/.m2/repository/org/springframework/spring-jcl/5.0.1.RELEASE/spring-jcl-5.0.1.RELEASE.jar:/home/taquy/.m2/repository/org/springframework/cloud/spring-cloud-starter-aws-messaging/2.0.0.M2/spring-cloud-starter-aws-messaging-2.0.0.M2.jar:/home/taquy/.m2/repository/org/springframework/cloud/spring-cloud-starter-aws/2.0.0.M2/spring-cloud-starter-aws-2.0.0.M2.jar:/home/taquy/.m2/repository/org/springframework/cloud/spring-cloud-aws-context/2.0.0.M2/spring-cloud-aws-context-2.0.0.M2.jar:/home/taquy/.m2/repository/org/springframework/cloud/spring-cloud-aws-core/2.0.0.M2/spring-cloud-aws-core-2.0.0.M2.jar:/home/taquy/.m2/repository/com/amazonaws/aws-java-sdk-s3/1.11.125/aws-java-sdk-s3-1.11.125.jar:/home/taquy/.m2/repository/com/amazonaws/aws-java-sdk-kms/1.11.125/aws-java-sdk-kms-1.11.125.jar:/home/taquy/.m2/repository/com/amazonaws/aws-java-sdk-ec2/1.11.125/aws-java-sdk-ec2-1.11.125.jar:/home/taquy/.m2/repository/com/amazonaws/aws-java-sdk-cloudformation/1.11.125/aws-java-sdk-cloudformation-1.11.125.jar:/home/taquy/.m2/repository/org/springframework/cloud/spring-cloud-aws-autoconfigure/2.0.0.M2/spring-cloud-aws-autoconfigure-2.0.0.M2.jar:/home/taquy/.m2/repository/org/springframework/cloud/spring-cloud-aws-messaging/2.0.0.M2/spring-cloud-aws-messaging-2.0.0.M2.jar:/home/taquy/.m2/repository/com/amazonaws/aws-java-sdk-sns/1.11.125/aws-java-sdk-sns-1.11.125.jar:/home/taquy/.m2/repository/org/slf4j/slf4j-api/1.7.25/slf4j-api-1.7.25.jar:/home/taquy/.m2/repository/com/amazonaws/amazon-sqs-java-messaging-lib/1.0.4/amazon-sqs-java-messaging-lib-1.0.4.jar:/home/taquy/.m2/repository/com/amazonaws/aws-java-sdk-sqs/1.11.125/aws-java-sdk-sqs-1.11.125.jar:/home/taquy/.m2/repository/com/amazonaws/aws-java-sdk-core/1.11.125/aws-java-sdk-core-1.11.125.jar:/home/taquy/.m2/repository/commons-logging/commons-logging/1.1.1/commons-logging-1.1.1.jar:/home/taquy/.m2/repository/org/apache/httpcomponents/httpclient/4.5.3/httpclient-4.5.3.jar:/home/taquy/.m2/repository/org/apache/httpcomponents/httpcore/4.4.8/httpcore-4.4.8.jar:/home/taquy/.m2/repository/commons-codec/commons-codec/1.11/commons-codec-1.11.jar:/home/taquy/.m2/repository/software/amazon/ion/ion-java/1.0.2/ion-java-1.0.2.jar:/home/taquy/.m2/repository/com/fasterxml/jackson/dataformat/jackson-dataformat-cbor/2.9.2/jackson-dataformat-cbor-2.9.2.jar:/home/taquy/.m2/repository/joda-time/joda-time/2.9.9/joda-time-2.9.9.jar:/home/taquy/.m2/repository/com/amazonaws/jmespath-java/1.11.125/jmespath-java-1.11.125.jar:/home/taquy/.m2/repository/org/apache/geronimo/specs/geronimo-jms_1.1_spec/1.1.1/geronimo-jms_1.1_spec-1.1.1.jar:/home/taquy/.m2/repository/org/springframework/boot/spring-boot-starter-logging/2.0.0.M6/spring-boot-starter-logging-2.0.0.M6.jar:/home/taquy/.m2/repository/ch/qos/logback/logback-classic/1.2.3/logback-classic-1.2.3.jar:/home/taquy/.m2/repository/ch/qos/logback/logback-core/1.2.3/logback-core-1.2.3.jar:/home/taquy/.m2/repository/org/apache/logging/log4j/log4j-to-slf4j/2.9.1/log4j-to-slf4j-2.9.1.jar:/home/taquy/.m2/repository/org/apache/logging/log4j/log4j-api/2.9.1/log4j-api-2.9.1.jar:/home/taquy/.m2/repository/org/slf4j/jul-to-slf4j/1.7.25/jul-to-slf4j-1.7.25.jar:/home/taquy/.m2/repository/org/slf4j/log4j-over-slf4j/1.7.25/log4j-over-slf4j-1.7.25.jar:/home/taquy/.m2/repository/org/springframework/spring-jms/5.0.1.RELEASE/spring-jms-5.0.1.RELEASE.jar:/home/taquy/.m2/repository/org/springframework/spring-messaging/5.0.1.RELEASE/spring-messaging-5.0.1.RELEASE.jar:/home/taquy/.m2/repository/org/springframework/spring-tx/5.0.1.RELEASE/spring-tx-5.0.1.RELEASE.jar:/home/taquy/.m2/repository/com/fasterxml/jackson/core/jackson-core/2.9.2/jackson-core-2.9.2.jar:/home/taquy/.m2/repository/com/fasterxml/jackson/core/jackson-databind/2.9.2/jackson-databind-2.9.2.jar:/home/taquy/.m2/repository/com/fasterxml/jackson/core/jackson-annotations/2.9.0/jackson-annotations-2.9.0.jar:/home/taquy/.m2/repository/org/springframework/boot/spring-boot-devtools/2.0.0.M6/spring-boot-devtools-2.0.0.M6.jar:/home/taquy/.m2/repository/org/springframework/boot/spring-boot/2.0.0.M6/spring-boot-2.0.0.M6.jar:/home/taquy/.m2/repository/org/springframework/spring-context/5.0.1.RELEASE/spring-context-5.0.1.RELEASE.jar:/home/taquy/.m2/repository/org/springframework/spring-aop/5.0.1.RELEASE/spring-aop-5.0.1.RELEASE.jar:/home/taquy/.m2/repository/org/springframework/spring-expression/5.0.1.RELEASE/spring-expression-5.0.1.RELEASE.jar:/home/taquy/.m2/repository/org/springframework/boot/spring-boot-autoconfigure/2.0.0.M6/spring-boot-autoconfigure-2.0.0.M6.jar:/home/taquy/.m2/repository/org/projectlombok/lombok/1.16.18/lombok-1.16.18.jar:/home/taquy/.m2/repository/org/springframework/boot/spring-boot-starter-test/2.0.0.M6/spring-boot-starter-test-2.0.0.M6.jar:/home/taquy/.m2/repository/org/springframework/boot/spring-boot-starter/2.0.0.M6/spring-boot-starter-2.0.0.M6.jar:/home/taquy/.m2/repository/javax/annotation/javax.annotation-api/1.3.1/javax.annotation-api-1.3.1.jar:/home/taquy/.m2/repository/org/yaml/snakeyaml/1.19/snakeyaml-1.19.jar:/home/taquy/.m2/repository/org/springframework/boot/spring-boot-test/2.0.0.M6/spring-boot-test-2.0.0.M6.jar:/home/taquy/.m2/repository/org/springframework/boot/spring-boot-test-autoconfigure/2.0.0.M6/spring-boot-test-autoconfigure-2.0.0.M6.jar:/home/taquy/.m2/repository/com/jayway/jsonpath/json-path/2.4.0/json-path-2.4.0.jar:/home/taquy/.m2/repository/net/minidev/json-smart/2.3/json-smart-2.3.jar:/home/taquy/.m2/repository/net/minidev/accessors-smart/1.2/accessors-smart-1.2.jar:/home/taquy/.m2/repository/org/ow2/asm/asm/5.0.4/asm-5.0.4.jar:/home/taquy/.m2/repository/junit/junit/4.12/junit-4.12.jar:/home/taquy/.m2/repository/org/assertj/assertj-core/3.8.0/assertj-core-3.8.0.jar:/home/taquy/.m2/repository/org/mockito/mockito-core/2.11.0/mockito-core-2.11.0.jar:/home/taquy/.m2/repository/net/bytebuddy/byte-buddy/1.7.8/byte-buddy-1.7.8.jar:/home/taquy/.m2/repository/net/bytebuddy/byte-buddy-agent/1.7.8/byte-buddy-agent-1.7.8.jar:/home/taquy/.m2/repository/org/objenesis/objenesis/2.6/objenesis-2.6.jar:/home/taquy/.m2/repository/org/hamcrest/hamcrest-core/1.3/hamcrest-core-1.3.jar:/home/taquy/.m2/repository/org/hamcrest/hamcrest-library/1.3/hamcrest-library-1.3.jar:/home/taquy/.m2/repository/org/skyscreamer/jsonassert/1.5.0/jsonassert-1.5.0.jar:/home/taquy/.m2/repository/com/vaadin/external/google/android-json/0.0.20131108.vaadin1/android-json-0.0.20131108.vaadin1.jar:/home/taquy/.m2/repository/org/springframework/spring-test/5.0.1.RELEASE/spring-test-5.0.1.RELEASE.jar:/home/taquy/.m2/repository/org/xmlunit/xmlunit-core/2.5.0/xmlunit-core-2.5.0.jar:, user.name=taquy, java.vm.specification.version=1.8, sun.java.command=/home/taquy/Projects/Spring/spring-boot-jms-sqs/target/surefire/surefirebooter6485370099353978067.jar /home/taquy/Projects/Spring/spring-boot-jms-sqs/target/surefire 2018-09-05T14-54-27_512-jvmRun1 surefire8795524015513391849tmp surefire_07246569884928283111tmp, java.home=/usr/lib/jvm/java-8-oracle/jre, sun.arch.data.model=64, user.language=en, java.specification.vendor=Oracle Corporation, awt.toolkit=sun.awt.X11.XToolkit, java.vm.info=mixed mode, java.version=1.8.0_181, java.ext.dirs=/usr/lib/jvm/java-8-oracle/jre/lib/ext:/usr/java/packages/lib/ext, sun.boot.class.path=/usr/lib/jvm/java-8-oracle/jre/lib/resources.jar:/usr/lib/jvm/java-8-oracle/jre/lib/rt.jar:/usr/lib/jvm/java-8-oracle/jre/lib/sunrsasign.jar:/usr/lib/jvm/java-8-oracle/jre/lib/jsse.jar:/usr/lib/jvm/java-8-oracle/jre/lib/jce.jar:/usr/lib/jvm/java-8-oracle/jre/lib/charsets.jar:/usr/lib/jvm/java-8-oracle/jre/lib/jfr.jar:/usr/lib/jvm/java-8-oracle/jre/classes, java.vendor=Oracle Corporation, localRepository=/home/taquy/.m2/repository, file.separator=/, java.vendor.url.bug=http://bugreport.sun.com/bugreport/, sun.io.unicode.encoding=UnicodeLittle, sun.cpu.endian=little, sun.desktop=gnome, sun.cpu.isalist=}}, SystemEnvironmentPropertySource@396883763 {name='systemEnvironment', properties={NVM_RC_VERSION=, PATH=/home/taquy/.sdkman/candidates/springboot/current/bin:/home/taquy/bin:/home/taquy/.local/bin:/usr/local/sbin:/usr/local/bin:/usr/sbin:/usr/bin:/sbin:/bin:/usr/games:/usr/local/games:/snap/bin:/usr/lib/jvm/java-8-oracle/bin:/usr/lib/jvm/java-8-oracle/db/bin:/usr/lib/jvm/java-8-oracle/jre/bin:/usr/local/go/bin, LC_MEASUREMENT=en_US.UTF-8, XAUTHORITY=/run/user/1000/gdm/Xauthority, INVOCATION_ID=57d5c3402d63424ca6137682dc10bc57, SDKMAN_VERSION=5.7.2+323, XMODIFIERS=@im=ibus, LC_TELEPHONE=en_US.UTF-8, XDG_DATA_DIRS=/usr/share/gnome-xorg:/usr/local/share:/usr/share:/var/lib/snapd/desktop:/var/lib/snapd/desktop, GDMSESSION=gnome-xorg, MANDATORY_PATH=/usr/share/gconf/gnome-xorg.mandatory.path, LC_TIME=en_US.UTF-8, PAPERSIZE=letter, TEXTDOMAINDIR=/usr/share/locale/, ZEITGEIST_DATA_PATH=/home/taquy/.local/share/zeitgeist, GTK_IM_MODULE=ibus, DBUS_SESSION_BUS_ADDRESS=unix:path=/run/user/1000/bus,guid=d66799f57437b6fd29a82d0e5b8e9ef1, DEFAULTS_PATH=/usr/share/gconf/gnome-xorg.default.path, XDG_CURRENT_DESKTOP=GNOME, JOURNAL_STREAM=9:44530, SSH_AGENT_PID=3885, COLORTERM=truecolor, LD_LIBRARY_PATH=/usr/local/cuda/extras/CUPTI/lib64:/usr/local/cuda/extras/CUPTI/lib64, QT4_IM_MODULE=xim, LC_PAPER=en_US.UTF-8, SDKMAN_DIR=/home/taquy/.sdkman, SESSION_MANAGER=local/quyta:@/tmp/.ICE-unix/3792,unix/quyta:/tmp/.ICE-unix/3792, USERNAME=taquy, LOGNAME=taquy, PWD=/home/taquy/Projects/Spring/spring-boot-jms-sqs, MANAGERPID=2539, DERBY_HOME=/usr/lib/jvm/java-8-oracle/db, IM_CONFIG_PHASE=2, SPRINGBOOT_HOME=/home/taquy/.sdkman/candidates/springboot/current, PYTHONPATH=:/usr/local/lib/python3.5/dist-packages:/usr/local/lib/python3.5/dist-packages, SHELL=/bin/bash, LESSOPEN=| /usr/bin/lesspipe %s, LC_ADDRESS=en_US.UTF-8, SDKMAN_CANDIDATES_API=https://api.sdkman.io/2, GTK2_MODULES=overlay-scrollbar, J2SDKDIR=/usr/lib/jvm/java-8-oracle, OLDPWD=/home/taquy/Projects/Spring/spring-boot-jms-sqs, GNOME_DESKTOP_SESSION_ID=this-is-deprecated, GNOME_TERMINAL_SCREEN=/org/gnome/Terminal/screen/7ab2a8eb_7a7f_4c2f_85fe_a76930fcfad3, GTK_MODULES=gail:atk-bridge, J2REDIR=/usr/lib/jvm/java-8-oracle/jre, CLUTTER_IM_MODULE=xim, TEXTDOMAIN=im-config, NVM_IOJS_ORG_MIRROR=https://iojs.org/dist, DBUS_STARTER_ADDRESS=unix:path=/run/user/1000/bus,guid=d66799f57437b6fd29a82d0e5b8e9ef1, LS_COLORS=rs=0:di=01;34:ln=01;36:mh=00:pi=40;33:so=01;35:do=01;35:bd=40;33;01:cd=40;33;01:or=40;31;01:mi=00:su=37;41:sg=30;43:ca=30;41:tw=30;42:ow=34;42:st=37;44:ex=01;32:*.tar=01;31:*.tgz=01;31:*.arc=01;31:*.arj=01;31:*.taz=01;31:*.lha=01;31:*.lz4=01;31:*.lzh=01;31:*.lzma=01;31:*.tlz=01;31:*.txz=01;31:*.tzo=01;31:*.t7z=01;31:*.zip=01;31:*.z=01;31:*.Z=01;31:*.dz=01;31:*.gz=01;31:*.lrz=01;31:*.lz=01;31:*.lzo=01;31:*.xz=01;31:*.zst=01;31:*.tzst=01;31:*.bz2=01;31:*.bz=01;31:*.tbz=01;31:*.tbz2=01;31:*.tz=01;31:*.deb=01;31:*.rpm=01;31:*.jar=01;31:*.war=01;31:*.ear=01;31:*.sar=01;31:*.rar=01;31:*.alz=01;31:*.ace=01;31:*.zoo=01;31:*.cpio=01;31:*.7z=01;31:*.rz=01;31:*.cab=01;31:*.wim=01;31:*.swm=01;31:*.dwm=01;31:*.esd=01;31:*.jpg=01;35:*.jpeg=01;35:*.mjpg=01;35:*.mjpeg=01;35:*.gif=01;35:*.bmp=01;35:*.pbm=01;35:*.pgm=01;35:*.ppm=01;35:*.tga=01;35:*.xbm=01;35:*.xpm=01;35:*.tif=01;35:*.tiff=01;35:*.png=01;35:*.svg=01;35:*.svgz=01;35:*.mng=01;35:*.pcx=01;35:*.mov=01;35:*.mpg=01;35:*.mpeg=01;35:*.m2v=01;35:*.mkv=01;35:*.webm=01;35:*.ogm=01;35:*.mp4=01;35:*.m4v=01;35:*.mp4v=01;35:*.vob=01;35:*.qt=01;35:*.nuv=01;35:*.wmv=01;35:*.asf=01;35:*.rm=01;35:*.rmvb=01;35:*.flc=01;35:*.avi=01;35:*.fli=01;35:*.flv=01;35:*.gl=01;35:*.dl=01;35:*.xcf=01;35:*.xwd=01;35:*.yuv=01;35:*.cgm=01;35:*.emf=01;35:*.ogv=01;35:*.ogx=01;35:*.aac=00;36:*.au=00;36:*.flac=00;36:*.m4a=00;36:*.mid=00;36:*.midi=00;36:*.mka=00;36:*.mp3=00;36:*.mpc=00;36:*.ogg=00;36:*.ra=00;36:*.wav=00;36:*.oga=00;36:*.opus=00;36:*.spx=00;36:*.xspf=00;36:, XDG_SESSION_DESKTOP=gnome-xorg, SHLVL=1, LC_IDENTIFICATION=en_US.UTF-8, NVM_IOJS_ORG_VERSION_LISTING=https://iojs.org/dist/index.tab, LESSCLOSE=/usr/bin/lesspipe %s %s, LC_MONETARY=en_US.UTF-8, QT_IM_MODULE=ibus, JAVA_HOME=/usr/lib/jvm/java-8-oracle, TERM=xterm-256color, XDG_CONFIG_DIRS=/etc/xdg/xdg-gnome-xorg:/etc/xdg, GNOME_TERMINAL_SERVICE=:1.253, LANG=en_US.UTF-8, XDG_SESSION_ID=3, XDG_SESSION_TYPE=x11, DISPLAY=:0, NVM_NODEJS_ORG_MIRROR=https://nodejs.org/dist, LC_NAME=en_US.UTF-8, MAVEN_CMD_LINE_ARGS= package, SDKMAN_CANDIDATES_DIR=/home/taquy/.sdkman/candidates, _=/usr/bin/mvn, NVM_DIR=/home/taquy/.nvm, GPG_AGENT_INFO=/run/user/1000/gnupg/S.gpg-agent:0:1, MAVEN_PROJECTBASEDIR=/home/taquy/Projects/Spring/spring-boot-jms-sqs, DESKTOP_SESSION=gnome-xorg, SDKMAN_PLATFORM=Linux64, USER=taquy, XDG_MENU_PREFIX=gnome-, VTE_VERSION=5202, QT_ACCESSIBILITY=1, WINDOWPATH=2, LC_NUMERIC=en_US.UTF-8, SSH_AUTH_SOCK=/run/user/1000/keyring/ssh, XDG_SEAT=seat0, QT_QPA_PLATFORMTHEME=appmenu-qt5, XDG_VTNR=2, XDG_RUNTIME_DIR=/run/user/1000, DBUS_STARTER_BUS_TYPE=session, HOME=/home/taquy}}]
14:54:28.471 [main] DEBUG org.springframework.test.context.support.TestPropertySourceUtils - Adding inlined properties to environment: {spring.jmx.enabled=false, org.springframework.boot.test.context.SpringBootTestContextBootstrapper=true, server.port=-1}
14:54:28.471 [main] DEBUG org.springframework.core.env.StandardEnvironment - Adding PropertySource 'Inlined Test Properties' with highest search precedence

  .   ____          _            __ _ _
 /\\ / ___'_ __ _ _(_)_ __  __ _ \ \ \ \
( ( )\___ | '_ | '_| | '_ \/ _` | \ \ \ \
 \\/  ___)| |_)| | | | | || (_| |  ) ) ) )
  '  |____| .__|_| |_|_| |_\__, | / / / /
 =========|_|==============|___/=/_/_/_/
 :: Spring Boot ::             (v2.0.0.M6)

14:54:28.672 INFO  br.com.jonyfs.DemoApplicationTests - Starting DemoApplicationTests on quyta with PID 19424 (started by taquy in /home/taquy/Projects/Spring/spring-boot-jms-sqs)
14:54:28.673 DEBUG br.com.jonyfs.DemoApplicationTests - Running with Spring Boot v2.0.0.M6, Spring v5.0.1.RELEASE
14:54:28.674 INFO  br.com.jonyfs.DemoApplicationTests - No active profile set, falling back to default profiles: default
14:54:28.693 INFO  o.s.c.a.AnnotationConfigApplicationContext - Refreshing org.springframework.context.annotation.AnnotationConfigApplicationContext@65f8f5ae: startup date [Wed Sep 05 14:54:28 ICT 2018]; root of context hierarchy
14:54:32.684 INFO  o.s.aop.framework.CglibAopProxy - Final method [protected final com.amazonaws.internal.auth.SignerProvider com.amazonaws.services.s3.AmazonS3Client.createSignerProvider(com.amazonaws.auth.Signer)] cannot get proxied via CGLIB: Calls to this method will NOT be routed to the target instance and might lead to NPEs against uninitialized fields in the proxy instance.
14:54:32.684 INFO  o.s.aop.framework.CglibAopProxy - Final method [protected final com.amazonaws.services.s3.model.InitiateMultipartUploadRequest com.amazonaws.services.s3.AmazonS3Client.newInitiateMultipartUploadRequest(com.amazonaws.services.s3.model.UploadObjectRequest)] cannot get proxied via CGLIB: Calls to this method will NOT be routed to the target instance and might lead to NPEs against uninitialized fields in the proxy instance.
14:54:32.685 INFO  o.s.aop.framework.CglibAopProxy - Final method [public final void com.amazonaws.AmazonWebServiceClient.makeImmutable()] cannot get proxied via CGLIB: Calls to this method will NOT be routed to the target instance and might lead to NPEs against uninitialized fields in the proxy instance.
14:54:32.685 INFO  o.s.aop.framework.CglibAopProxy - Final method [protected final void com.amazonaws.AmazonWebServiceClient.checkMutability()] cannot get proxied via CGLIB: Calls to this method will NOT be routed to the target instance and might lead to NPEs against uninitialized fields in the proxy instance.
14:54:32.686 INFO  o.s.aop.framework.CglibAopProxy - Final method [public final java.lang.String com.amazonaws.AmazonWebServiceClient.getSignerRegionOverride()] cannot get proxied via CGLIB: Calls to this method will NOT be routed to the target instance and might lead to NPEs against uninitialized fields in the proxy instance.
14:54:32.686 INFO  o.s.aop.framework.CglibAopProxy - Final method [protected final com.amazonaws.http.ExecutionContext com.amazonaws.AmazonWebServiceClient.createExecutionContext(com.amazonaws.Request)] cannot get proxied via CGLIB: Calls to this method will NOT be routed to the target instance and might lead to NPEs against uninitialized fields in the proxy instance.
14:54:32.686 INFO  o.s.aop.framework.CglibAopProxy - Final method [protected final void com.amazonaws.AmazonWebServiceClient.endClientExecution(com.amazonaws.util.AWSRequestMetrics,com.amazonaws.Request,com.amazonaws.Response)] cannot get proxied via CGLIB: Calls to this method will NOT be routed to the target instance and might lead to NPEs against uninitialized fields in the proxy instance.
14:54:32.686 INFO  o.s.aop.framework.CglibAopProxy - Final method [protected final void com.amazonaws.AmazonWebServiceClient.endClientExecution(com.amazonaws.util.AWSRequestMetrics,com.amazonaws.Request,com.amazonaws.Response,boolean)] cannot get proxied via CGLIB: Calls to this method will NOT be routed to the target instance and might lead to NPEs against uninitialized fields in the proxy instance.
14:54:32.686 INFO  o.s.aop.framework.CglibAopProxy - Final method [protected final com.amazonaws.AmazonWebServiceRequest com.amazonaws.AmazonWebServiceClient.beforeMarshalling(com.amazonaws.AmazonWebServiceRequest)] cannot get proxied via CGLIB: Calls to this method will NOT be routed to the target instance and might lead to NPEs against uninitialized fields in the proxy instance.
14:54:32.687 INFO  o.s.aop.framework.CglibAopProxy - Final method [public final void com.amazonaws.AmazonWebServiceClient.configureRegion(com.amazonaws.regions.Regions)] cannot get proxied via CGLIB: Calls to this method will NOT be routed to the target instance and might lead to NPEs against uninitialized fields in the proxy instance.
14:54:32.687 INFO  o.s.aop.framework.CglibAopProxy - Final method [protected final boolean com.amazonaws.AmazonWebServiceClient.isRequestMetricsEnabled(com.amazonaws.AmazonWebServiceRequest)] cannot get proxied via CGLIB: Calls to this method will NOT be routed to the target instance and might lead to NPEs against uninitialized fields in the proxy instance.
14:54:32.687 INFO  o.s.aop.framework.CglibAopProxy - Final method [protected final com.amazonaws.AmazonWebServiceRequest com.amazonaws.AmazonWebServiceClient.beforeClientExecution(com.amazonaws.AmazonWebServiceRequest)] cannot get proxied via CGLIB: Calls to this method will NOT be routed to the target instance and might lead to NPEs against uninitialized fields in the proxy instance.
14:54:32.687 INFO  o.s.aop.framework.CglibAopProxy - Final method [public final void com.amazonaws.AmazonWebServiceClient.setServiceNameIntern(java.lang.String)] cannot get proxied via CGLIB: Calls to this method will NOT be routed to the target instance and might lead to NPEs against uninitialized fields in the proxy instance.
14:54:32.687 INFO  o.s.aop.framework.CglibAopProxy - Final method [public final void com.amazonaws.AmazonWebServiceClient.setSignerRegionOverride(java.lang.String)] cannot get proxied via CGLIB: Calls to this method will NOT be routed to the target instance and might lead to NPEs against uninitialized fields in the proxy instance.
14:54:32.891 INFO  br.com.jonyfs.JmsConfig - Started.
14:54:33.025 INFO  br.com.jonyfs.Producer - Sending MyMessage(id=8e0f774d-fa3a-4480-83a4-8b4a1469dc23, content=HELLO QUEUE A!, date=Wed Sep 05 14:54:33 ICT 2018) to queue queueA
14:54:35.267 ERROR c.a.s.j.AmazonSQSMessagingClientWrapper - AmazonServiceException: getQueueUrl. RequestId: b5908a52-a975-5136-9005-de5b248f81a9
HTTPStatusCode: 400 AmazonErrorCode: AWS.SimpleQueueService.NonExistentQueue
com.amazonaws.services.sqs.model.QueueDoesNotExistException: The specified queue does not exist for this wsdl version. (Service: AmazonSQS; Status Code: 400; Error Code: AWS.SimpleQueueService.NonExistentQueue; Request ID: b5908a52-a975-5136-9005-de5b248f81a9)
	at com.amazonaws.http.AmazonHttpClient$RequestExecutor.handleErrorResponse(AmazonHttpClient.java:1588)
	at com.amazonaws.http.AmazonHttpClient$RequestExecutor.executeOneRequest(AmazonHttpClient.java:1258)
	at com.amazonaws.http.AmazonHttpClient$RequestExecutor.executeHelper(AmazonHttpClient.java:1030)
	at com.amazonaws.http.AmazonHttpClient$RequestExecutor.doExecute(AmazonHttpClient.java:742)
	at com.amazonaws.http.AmazonHttpClient$RequestExecutor.executeWithTimer(AmazonHttpClient.java:716)
	at com.amazonaws.http.AmazonHttpClient$RequestExecutor.execute(AmazonHttpClient.java:699)
	at com.amazonaws.http.AmazonHttpClient$RequestExecutor.access$500(AmazonHttpClient.java:667)
	at com.amazonaws.http.AmazonHttpClient$RequestExecutionBuilderImpl.execute(AmazonHttpClient.java:649)
	at com.amazonaws.http.AmazonHttpClient.execute(AmazonHttpClient.java:513)
	at com.amazonaws.services.sqs.AmazonSQSClient.doInvoke(AmazonSQSClient.java:1740)
	at com.amazonaws.services.sqs.AmazonSQSClient.invoke(AmazonSQSClient.java:1716)
	at com.amazonaws.services.sqs.AmazonSQSClient.executeGetQueueUrl(AmazonSQSClient.java:1075)
	at com.amazonaws.services.sqs.AmazonSQSClient.getQueueUrl(AmazonSQSClient.java:1052)
	at com.amazon.sqs.javamessaging.AmazonSQSMessagingClientWrapper.getQueueUrl(AmazonSQSMessagingClientWrapper.java:280)
	at com.amazon.sqs.javamessaging.AmazonSQSMessagingClientWrapper.getQueueUrl(AmazonSQSMessagingClientWrapper.java:251)
	at com.amazon.sqs.javamessaging.SQSSession.createQueue(SQSSession.java:622)
	at org.springframework.jms.support.destination.DynamicDestinationResolver.resolveQueue(DynamicDestinationResolver.java:85)
	at org.springframework.jms.support.destination.DynamicDestinationResolver.resolveDestinationName(DynamicDestinationResolver.java:59)
	at org.springframework.jms.support.destination.JmsDestinationAccessor.resolveDestinationName(JmsDestinationAccessor.java:115)
	at org.springframework.jms.core.JmsTemplate.lambda$send$3(JmsTemplate.java:585)
	at org.springframework.jms.core.JmsTemplate.execute(JmsTemplate.java:504)
	at org.springframework.jms.core.JmsTemplate.send(JmsTemplate.java:584)
	at br.com.jonyfs.Producer.send(Producer.java:46)
	at br.com.jonyfs.Producer.sendToQueueA(Producer.java:36)
	at br.com.jonyfs.Producer.sendMessages(Producer.java:67)
	at sun.reflect.NativeMethodAccessorImpl.invoke0(Native Method)
	at sun.reflect.NativeMethodAccessorImpl.invoke(NativeMethodAccessorImpl.java:62)
	at sun.reflect.DelegatingMethodAccessorImpl.invoke(DelegatingMethodAccessorImpl.java:43)
	at java.lang.reflect.Method.invoke(Method.java:498)
	at org.springframework.beans.factory.annotation.InitDestroyAnnotationBeanPostProcessor$LifecycleElement.invoke(InitDestroyAnnotationBeanPostProcessor.java:369)
	at org.springframework.beans.factory.annotation.InitDestroyAnnotationBeanPostProcessor$LifecycleMetadata.invokeInitMethods(InitDestroyAnnotationBeanPostProcessor.java:312)
	at org.springframework.beans.factory.annotation.InitDestroyAnnotationBeanPostProcessor.postProcessBeforeInitialization(InitDestroyAnnotationBeanPostProcessor.java:135)
	at org.springframework.beans.factory.support.AbstractAutowireCapableBeanFactory.applyBeanPostProcessorsBeforeInitialization(AbstractAutowireCapableBeanFactory.java:423)
	at org.springframework.beans.factory.support.AbstractAutowireCapableBeanFactory.initializeBean(AbstractAutowireCapableBeanFactory.java:1696)
	at org.springframework.beans.factory.support.AbstractAutowireCapableBeanFactory.doCreateBean(AbstractAutowireCapableBeanFactory.java:583)
	at org.springframework.beans.factory.support.AbstractAutowireCapableBeanFactory.createBean(AbstractAutowireCapableBeanFactory.java:502)
	at org.springframework.beans.factory.support.AbstractBeanFactory.lambda$doGetBean$0(AbstractBeanFactory.java:312)
	at org.springframework.beans.factory.support.DefaultSingletonBeanRegistry.getSingleton(DefaultSingletonBeanRegistry.java:228)
	at org.springframework.beans.factory.support.AbstractBeanFactory.doGetBean(AbstractBeanFactory.java:310)
	at org.springframework.beans.factory.support.AbstractBeanFactory.getBean(AbstractBeanFactory.java:200)
	at org.springframework.beans.factory.support.DefaultListableBeanFactory.preInstantiateSingletons(DefaultListableBeanFactory.java:756)
	at org.springframework.context.support.AbstractApplicationContext.finishBeanFactoryInitialization(AbstractApplicationContext.java:868)
	at org.springframework.context.support.AbstractApplicationContext.refresh(AbstractApplicationContext.java:549)
	at org.springframework.boot.SpringApplication.refresh(SpringApplication.java:751)
	at org.springframework.boot.SpringApplication.refreshContext(SpringApplication.java:387)
	at org.springframework.boot.SpringApplication.run(SpringApplication.java:327)
	at org.springframework.boot.test.context.SpringBootContextLoader.loadContext(SpringBootContextLoader.java:138)
	at org.springframework.test.context.cache.DefaultCacheAwareContextLoaderDelegate.loadContextInternal(DefaultCacheAwareContextLoaderDelegate.java:99)
	at org.springframework.test.context.cache.DefaultCacheAwareContextLoaderDelegate.loadContext(DefaultCacheAwareContextLoaderDelegate.java:117)
	at org.springframework.test.context.support.DefaultTestContext.getApplicationContext(DefaultTestContext.java:107)
	at org.springframework.test.context.support.DependencyInjectionTestExecutionListener.injectDependencies(DependencyInjectionTestExecutionListener.java:117)
	at org.springframework.test.context.support.DependencyInjectionTestExecutionListener.prepareTestInstance(DependencyInjectionTestExecutionListener.java:83)
	at org.springframework.boot.test.autoconfigure.SpringBootDependencyInjectionTestExecutionListener.prepareTestInstance(SpringBootDependencyInjectionTestExecutionListener.java:44)
	at org.springframework.test.context.TestContextManager.prepareTestInstance(TestContextManager.java:242)
	at org.springframework.test.context.junit4.SpringJUnit4ClassRunner.createTest(SpringJUnit4ClassRunner.java:227)
	at org.springframework.test.context.junit4.SpringJUnit4ClassRunner$1.runReflectiveCall(SpringJUnit4ClassRunner.java:289)
	at org.junit.internal.runners.model.ReflectiveCallable.run(ReflectiveCallable.java:12)
	at org.springframework.test.context.junit4.SpringJUnit4ClassRunner.methodBlock(SpringJUnit4ClassRunner.java:291)
	at org.springframework.test.context.junit4.SpringJUnit4ClassRunner.runChild(SpringJUnit4ClassRunner.java:246)
	at org.springframework.test.context.junit4.SpringJUnit4ClassRunner.runChild(SpringJUnit4ClassRunner.java:97)
	at org.junit.runners.ParentRunner$3.run(ParentRunner.java:290)
	at org.junit.runners.ParentRunner$1.schedule(ParentRunner.java:71)
	at org.junit.runners.ParentRunner.runChildren(ParentRunner.java:288)
	at org.junit.runners.ParentRunner.access$000(ParentRunner.java:58)
	at org.junit.runners.ParentRunner$2.evaluate(ParentRunner.java:268)
	at org.springframework.test.context.junit4.statements.RunBeforeTestClassCallbacks.evaluate(RunBeforeTestClassCallbacks.java:61)
	at org.springframework.test.context.junit4.statements.RunAfterTestClassCallbacks.evaluate(RunAfterTestClassCallbacks.java:70)
	at org.junit.runners.ParentRunner.run(ParentRunner.java:363)
	at org.springframework.test.context.junit4.SpringJUnit4ClassRunner.run(SpringJUnit4ClassRunner.java:190)
	at org.apache.maven.surefire.junit4.JUnit4Provider.execute(JUnit4Provider.java:369)
	at org.apache.maven.surefire.junit4.JUnit4Provider.executeWithRerun(JUnit4Provider.java:275)
	at org.apache.maven.surefire.junit4.JUnit4Provider.executeTestSet(JUnit4Provider.java:239)
	at org.apache.maven.surefire.junit4.JUnit4Provider.invoke(JUnit4Provider.java:160)
	at org.apache.maven.surefire.booter.ForkedBooter.invokeProviderInSameClassLoader(ForkedBooter.java:373)
	at org.apache.maven.surefire.booter.ForkedBooter.runSuitesInProcess(ForkedBooter.java:334)
	at org.apache.maven.surefire.booter.ForkedBooter.execute(ForkedBooter.java:119)
	at org.apache.maven.surefire.booter.ForkedBooter.main(ForkedBooter.java:407)
14:54:35.270 INFO  c.a.sqs.javamessaging.SQSSession - Shutting down SessionCallBackScheduler executor
14:54:35.271 WARN  o.s.c.a.AnnotationConfigApplicationContext - Exception encountered during context initialization - cancelling refresh attempt: org.springframework.beans.factory.BeanCreationException: Error creating bean with name 'producer': Invocation of init method failed; nested exception is org.springframework.jms.InvalidDestinationException: AmazonServiceException: getQueueUrl. RequestId: b5908a52-a975-5136-9005-de5b248f81a9
HTTPStatusCode: 400 AmazonErrorCode: AWS.SimpleQueueService.NonExistentQueue; nested exception is javax.jms.InvalidDestinationException: AmazonServiceException: getQueueUrl. RequestId: b5908a52-a975-5136-9005-de5b248f81a9
HTTPStatusCode: 400 AmazonErrorCode: AWS.SimpleQueueService.NonExistentQueue
14:54:35.276 INFO  o.s.b.a.l.AutoConfigurationReportLoggingInitializer - 

Error starting ApplicationContext. To display the auto-configuration report re-run your application with 'debug' enabled.
14:54:35.278 ERROR o.s.boot.SpringApplication - Application startup failed
org.springframework.beans.factory.BeanCreationException: Error creating bean with name 'producer': Invocation of init method failed; nested exception is org.springframework.jms.InvalidDestinationException: AmazonServiceException: getQueueUrl. RequestId: b5908a52-a975-5136-9005-de5b248f81a9
HTTPStatusCode: 400 AmazonErrorCode: AWS.SimpleQueueService.NonExistentQueue; nested exception is javax.jms.InvalidDestinationException: AmazonServiceException: getQueueUrl. RequestId: b5908a52-a975-5136-9005-de5b248f81a9
HTTPStatusCode: 400 AmazonErrorCode: AWS.SimpleQueueService.NonExistentQueue
	at org.springframework.beans.factory.annotation.InitDestroyAnnotationBeanPostProcessor.postProcessBeforeInitialization(InitDestroyAnnotationBeanPostProcessor.java:138)
	at org.springframework.beans.factory.support.AbstractAutowireCapableBeanFactory.applyBeanPostProcessorsBeforeInitialization(AbstractAutowireCapableBeanFactory.java:423)
	at org.springframework.beans.factory.support.AbstractAutowireCapableBeanFactory.initializeBean(AbstractAutowireCapableBeanFactory.java:1696)
	at org.springframework.beans.factory.support.AbstractAutowireCapableBeanFactory.doCreateBean(AbstractAutowireCapableBeanFactory.java:583)
	at org.springframework.beans.factory.support.AbstractAutowireCapableBeanFactory.createBean(AbstractAutowireCapableBeanFactory.java:502)
[...]
HTTPStatusCode: 400 AmazonErrorCode: AWS.SimpleQueueService.NonExistentQueue
	at org.springframework.jms.support.JmsUtils.convertJmsAccessException(JmsUtils.java:286) ~[spring-jms-5.0.1.RELEASE.jar:5.0.1.RELEASE]
	at org.springframework.jms.support.JmsAccessor.convertJmsAccessException(JmsAccessor.java:185) ~[spring-jms-5.0.1.RELEASE.jar:5.0.1.RELEASE]
	at org.springframework.jms.core.JmsTemplate.execute(JmsTemplate.java:507) ~[spring-jms-5.0.1.RELEASE.jar:5.0.1.RELEASE]
	at org.springframework.jms.core.JmsTemplate.send(JmsTemplate.java:584) ~[spring-jms-5.0.1.RELEASE.jar:5.0.1.RELEASE]
	at br.com.jonyfs.Producer.send(Producer.java:46) ~[classes/:na]
	at br.com.jonyfs.Producer.sendToQueueA(Producer.java:36) ~[classes/:na]
	at br.com.jonyfs.Producer.sendMessages(Producer.java:67) ~[classes/:na]
	at sun.reflect.NativeMethodAccessorImpl.invoke0(Native Method) ~[na:1.8.0_181]
	at sun.reflect.NativeMethodAccessorImpl.invoke(NativeMethodAccessorImpl.java:62) ~[na:1.8.0_181]
	at sun.reflect.DelegatingMethodAccessorImpl.invoke(DelegatingMethodAccessorImpl.java:43) ~[na:1.8.0_181]
	at java.lang.reflect.Method.invoke(Method.java:498) ~[na:1.8.0_181]
	at org.springframework.beans.factory.annotation.InitDestroyAnnotationBeanPostProcessor$LifecycleElement.invoke(InitDestroyAnnotationBeanPostProcessor.java:369) ~[spring-beans-5.0.1.RELEASE.jar:5.0.1.RELEASE]
	at org.springframework.beans.factory.annotation.InitDestroyAnnotationBeanPostProcessor$LifecycleMetadata.invokeInitMethods(InitDestroyAnnotationBeanPostProcessor.java:312) ~[spring-beans-5.0.1.RELEASE.jar:5.0.1.RELEASE]
	at org.springframework.beans.factory.annotation.InitDestroyAnnotationBeanPostProcessor.postProcessBeforeInitialization(InitDestroyAnnotationBeanPostProcessor.java:135) ~[spring-beans-5.0.1.RELEASE.jar:5.0.1.RELEASE]
	... 44 common frames omitted
Caused by: javax.jms.InvalidDestinationException: AmazonServiceException: getQueueUrl. RequestId: 4e606f39-ca56-5f6b-989e-3b3047aa016b
HTTPStatusCode: 400 AmazonErrorCode: AWS.SimpleQueueService.NonExistentQueue
	at com.amazon.sqs.javamessaging.AmazonSQSMessagingClientWrapper.handleException(AmazonSQSMessagingClientWrapper.java:411) ~[amazon-sqs-java-messaging-lib-1.0.4.jar:na]
	at com.amazon.sqs.javamessaging.AmazonSQSMessagingClientWrapper.getQueueUrl(AmazonSQSMessagingClientWrapper.java:282) ~[amazon-sqs-java-messaging-lib-1.0.4.jar:na]
	at com.amazon.sqs.javamessaging.AmazonSQSMessagingClientWrapper.getQueueUrl(AmazonSQSMessagingClientWrapper.java:251) ~[amazon-sqs-java-messaging-lib-1.0.4.jar:na]
	at com.amazon.sqs.javamessaging.SQSSession.createQueue(SQSSession.java:622) ~[amazon-sqs-java-messaging-lib-1.0.4.jar:na]
	at org.springframework.jms.support.destination.DynamicDestinationResolver.resolveQueue(DynamicDestinationResolver.java:85) ~[spring-jms-5.0.1.RELEASE.jar:5.0.1.RELEASE]
	at org.springframework.jms.support.destination.DynamicDestinationResolver.resolveDestinationName(DynamicDestinationResolver.java:59) ~[spring-jms-5.0.1.RELEASE.jar:5.0.1.RELEASE]
	at org.springframework.jms.support.destination.JmsDestinationAccessor.resolveDestinationName(JmsDestinationAccessor.java:115) ~[spring-jms-5.0.1.RELEASE.jar:5.0.1.RELEASE]
	at org.springframework.jms.core.JmsTemplate.lambda$send$3(JmsTemplate.java:585) ~[spring-jms-5.0.1.RELEASE.jar:5.0.1.RELEASE]
	at org.springframework.jms.core.JmsTemplate.execute(JmsTemplate.java:504) ~[spring-jms-5.0.1.RELEASE.jar:5.0.1.RELEASE]
	... 55 common frames omitted
Caused by: com.amazonaws.services.sqs.model.QueueDoesNotExistException: The specified queue does not exist for this wsdl version. (Service: AmazonSQS; Status Code: 400; Error Code: AWS.SimpleQueueService.NonExistentQueue; Request ID: 4e606f39-ca56-5f6b-989e-3b3047aa016b)
	at com.amazonaws.http.AmazonHttpClient$RequestExecutor.handleErrorResponse(AmazonHttpClient.java:1588) ~[aws-java-sdk-core-1.11.125.jar:na]
	at com.amazonaws.http.AmazonHttpClient$RequestExecutor.executeOneRequest(AmazonHttpClient.java:1258) ~[aws-java-sdk-core-1.11.125.jar:na]
	at com.amazonaws.http.AmazonHttpClient$RequestExecutor.executeHelper(AmazonHttpClient.java:1030) ~[aws-java-sdk-core-1.11.125.jar:na]
	at com.amazonaws.http.AmazonHttpClient$RequestExecutor.doExecute(AmazonHttpClient.java:742) ~[aws-java-sdk-core-1.11.125.jar:na]
	at com.amazonaws.http.AmazonHttpClient$RequestExecutor.executeWithTimer(AmazonHttpClient.java:716) ~[aws-java-sdk-core-1.11.125.jar:na]
	at com.amazonaws.http.AmazonHttpClient$RequestExecutor.execute(AmazonHttpClient.java:699) ~[aws-java-sdk-core-1.11.125.jar:na]
	at com.amazonaws.http.AmazonHttpClient$RequestExecutor.access$500(AmazonHttpClient.java:667) ~[aws-java-sdk-core-1.11.125.jar:na]
	at com.amazonaws.http.AmazonHttpClient$RequestExecutionBuilderImpl.execute(AmazonHttpClient.java:649) ~[aws-java-sdk-core-1.11.125.jar:na]
	at com.amazonaws.http.AmazonHttpClient.execute(AmazonHttpClient.java:513) ~[aws-java-sdk-core-1.11.125.jar:na]
	at com.amazonaws.services.sqs.AmazonSQSClient.doInvoke(AmazonSQSClient.java:1740) ~[aws-java-sdk-sqs-1.11.125.jar:na]
	at com.amazonaws.services.sqs.AmazonSQSClient.invoke(AmazonSQSClient.java:1716) ~[aws-java-sdk-sqs-1.11.125.jar:na]
	at com.amazonaws.services.sqs.AmazonSQSClient.executeGetQueueUrl(AmazonSQSClient.java:1075) ~[aws-java-sdk-sqs-1.11.125.jar:na]
	at com.amazonaws.services.sqs.AmazonSQSClient.getQueueUrl(AmazonSQSClient.java:1052) ~[aws-java-sdk-sqs-1.11.125.jar:na]
	at com.amazon.sqs.javamessaging.AmazonSQSMessagingClientWrapper.getQueueUrl(AmazonSQSMessagingClientWrapper.java:280) ~[amazon-sqs-java-messaging-lib-1.0.4.jar:na]
	... 62 common frames omitted
14:54:37.046 ERROR o.s.test.context.TestContextManager - Caught exception while allowing TestExecutionListener [org.springframework.boot.test.autoconfigure.SpringBootDependencyInjectionTestExecutionListener@5dda768f] to prepare test instance [br.com.jonyfs.DemoApplicationTests@3d34d211]
java.lang.IllegalStateException: Failed to load ApplicationContext
	at org.springframework.test.context.cache.DefaultCacheAwareContextLoaderDelegate.loadContext(DefaultCacheAwareContextLoaderDelegate.java:125) ~[spring-test-5.0.1.RELEASE.jar:5.0.1.RELEASE]
	at org.springframework.test.context.support.DefaultTestContext.getApplicationContext(DefaultTestContext.java:107) ~[spring-test-5.0.1.RELEASE.jar:5.0.1.RELEASE]
	at org.springframework.test.context.support.DependencyInjectionTestExecutionListener.injectDependencies(DependencyInjectionTestExecutionListener.java:117) ~[spring-test-5.0.1.RELEASE.jar:5.0.1.RELEASE]
	at org.springframework.test.context.support.DependencyInjectionTestExecutionListener.prepareTestInstance(DependencyInjectionTestExecutionListener.java:83) ~[spring-test-5.0.1.RELEASE.jar:5.0.1.RELEASE]
	at org.springframework.boot.test.autoconfigure.SpringBootDependencyInjectionTestExecutionListener.prepareTestInstance(SpringBootDependencyInjectionTestExecutionListener.java:44) ~[spring-boot-test-autoconfigure-2.0.0.M6.jar:2.0.0.M6]
	at org.springframework.test.context.TestContextManager.prepareTestInstance(TestContextManager.java:242) ~[spring-test-5.0.1.RELEASE.jar:5.0.1.RELEASE]
	at org.springframework.test.context.junit4.SpringJUnit4ClassRunner.createTest(SpringJUnit4ClassRunner.java:227) [spring-test-5.0.1.RELEASE.jar:5.0.1.RELEASE]
	at org.springframework.test.context.junit4.SpringJUnit4ClassRunner$1.runReflectiveCall(SpringJUnit4ClassRunner.java:289) [spring-test-5.0.1.RELEASE.jar:5.0.1.RELEASE]
	at org.junit.internal.runners.model.ReflectiveCallable.run(ReflectiveCallable.java:12) [junit-4.12.jar:4.12]
	at org.springframework.test.context.junit4.SpringJUnit4ClassRunner.methodBlock(SpringJUnit4ClassRunner.java:291) [spring-test-5.0.1.RELEASE.jar:5.0.1.RELEASE]
	at org.springframework.test.context.junit4.SpringJUnit4ClassRunner.runChild(SpringJUnit4ClassRunner.java:246) [spring-test-5.0.1.RELEASE.jar:5.0.1.RELEASE]
	at org.springframework.test.context.junit4.SpringJUnit4ClassRunner.runChild(SpringJUnit4ClassRunner.java:97) [spring-test-5.0.1.RELEASE.jar:5.0.1.RELEASE]
	at org.junit.runners.ParentRunner$3.run(ParentRunner.java:290) [junit-4.12.jar:4.12]
	at org.junit.runners.ParentRunner$1.schedule(ParentRunner.java:71) [junit-4.12.jar:4.12]
	at org.junit.runners.ParentRunner.runChildren(ParentRunner.java:288) [junit-4.12.jar:4.12]
	at org.junit.runners.ParentRunner.access$000(ParentRunner.java:58) [junit-4.12.jar:4.12]
	at org.junit.runners.ParentRunner$2.evaluate(ParentRunner.java:268) [junit-4.12.jar:4.12]
	at org.springframework.test.context.junit4.statements.RunBeforeTestClassCallbacks.evaluate(RunBeforeTestClassCallbacks.java:61) [spring-test-5.0.1.RELEASE.jar:5.0.1.RELEASE]
	at org.springframework.test.context.junit4.statements.RunAfterTestClassCallbacks.evaluate(RunAfterTestClassCallbacks.java:70) [spring-test-5.0.1.RELEASE.jar:5.0.1.RELEASE]
	at org.junit.runners.ParentRunner.run(ParentRunner.java:363) [junit-4.12.jar:4.12]
	at org.springframework.test.context.junit4.SpringJUnit4ClassRunner.run(SpringJUnit4ClassRunner.java:190) [spring-test-5.0.1.RELEASE.jar:5.0.1.RELEASE]
	at org.apache.maven.surefire.junit4.JUnit4Provider.execute(JUnit4Provider.java:369) [surefire-junit4-2.20.1.jar:2.20.1]
	at org.apache.maven.surefire.junit4.JUnit4Provider.executeWithRerun(JUnit4Provider.java:275) [surefire-junit4-2.20.1.jar:2.20.1]
	at org.apache.maven.surefire.junit4.JUnit4Provider.executeTestSet(JUnit4Provider.java:239) [surefire-junit4-2.20.1.jar:2.20.1]
	at org.apache.maven.surefire.junit4.JUnit4Provider.invoke(JUnit4Provider.java:160) [surefire-junit4-2.20.1.jar:2.20.1]
	at org.apache.maven.surefire.booter.ForkedBooter.invokeProviderInSameClassLoader(ForkedBooter.java:373) [surefire-booter-2.20.1.jar:2.20.1]
	at org.apache.maven.surefire.booter.ForkedBooter.runSuitesInProcess(ForkedBooter.java:334) [surefire-booter-2.20.1.jar:2.20.1]
	at org.apache.maven.surefire.booter.ForkedBooter.execute(ForkedBooter.java:119) [surefire-booter-2.20.1.jar:2.20.1]
	at org.apache.maven.surefire.booter.ForkedBooter.main(ForkedBooter.java:407) [surefire-booter-2.20.1.jar:2.20.1]
Caused by: org.springframework.beans.factory.BeanCreationException: Error creating bean with name 'producer': Invocation of init method failed; nested exception is org.springframework.jms.InvalidDestinationException: AmazonServiceException: getQueueUrl. RequestId: b5908a52-a975-5136-9005-de5b248f81a9
HTTPStatusCode: 400 AmazonErrorCode: AWS.SimpleQueueService.NonExistentQueue; nested exception is javax.jms.InvalidDestinationException: AmazonServiceException: getQueueUrl. RequestId: b5908a52-a975-5136-9005-de5b248f81a9
HTTPStatusCode: 400 AmazonErrorCode: AWS.SimpleQueueService.NonExistentQueue
	at org.springframework.beans.factory.annotation.InitDestroyAnnotationBeanPostProcessor.postProcessBeforeInitialization(InitDestroyAnnotationBeanPostProcessor.java:138) ~[spring-beans-5.0.1.RELEASE.jar:5.0.1.RELEASE]
	at org.springframework.beans.factory.support.AbstractAutowireCapableBeanFactory.applyBeanPostProcessorsBeforeInitialization(AbstractAutowireCapableBeanFactory.java:423) ~[spring-beans-5.0.1.RELEASE.jar:5.0.1.RELEASE]
	at org.springframework.beans.factory.support.AbstractAutowireCapableBeanFactory.initializeBean(AbstractAutowireCapableBeanFactory.java:1696) ~[spring-beans-5.0.1.RELEASE.jar:5.0.1.RELEASE]
	at org.springframework.beans.factory.support.AbstractAutowireCapableBeanFactory.doCreateBean(AbstractAutowireCapableBeanFactory.java:583) ~[spring-beans-5.0.1.RELEASE.jar:5.0.1.RELEASE]
	at org.springframework.beans.factory.support.AbstractAutowireCapableBeanFactory.createBean(AbstractAutowireCapableBeanFactory.java:502) ~[spring-beans-5.0.1.RELEASE.jar:5.0.1.RELEASE]
	at org.springframework.beans.factory.support.AbstractBeanFactory.lambda$doGetBean$0(AbstractBeanFactory.java:312) ~[spring-beans-5.0.1.RELEASE.jar:5.0.1.RELEASE]
	at org.springframework.beans.factory.support.DefaultSingletonBeanRegistry.getSingleton(DefaultSingletonBeanRegistry.java:228) ~[spring-beans-5.0.1.RELEASE.jar:5.0.1.RELEASE]
	at org.springframework.beans.factory.support.AbstractBeanFactory.doGetBean(AbstractBeanFactory.java:310) ~[spring-beans-5.0.1.RELEASE.jar:5.0.1.RELEASE]
	at org.springframework.beans.factory.support.AbstractBeanFactory.getBean(AbstractBeanFactory.java:200) ~[spring-beans-5.0.1.RELEASE.jar:5.0.1.RELEASE]
	at org.springframework.beans.factory.support.DefaultListableBeanFactory.preInstantiateSingletons(DefaultListableBeanFactory.java:756) ~[spring-beans-5.0.1.RELEASE.jar:5.0.1.RELEASE]
	at org.springframework.context.support.AbstractApplicationContext.finishBeanFactoryInitialization(AbstractApplicationContext.java:868) ~[spring-context-5.0.1.RELEASE.jar:5.0.1.RELEASE]
	at org.springframework.context.support.AbstractApplicationContext.refresh(AbstractApplicationContext.java:549) ~[spring-context-5.0.1.RELEASE.jar:5.0.1.RELEASE]
	at org.springframework.boot.SpringApplication.refresh(SpringApplication.java:751) ~[spring-boot-2.0.0.M6.jar:2.0.0.M6]
	at org.springframework.boot.SpringApplication.refreshContext(SpringApplication.java:387) ~[spring-boot-2.0.0.M6.jar:2.0.0.M6]
	at org.springframework.boot.SpringApplication.run(SpringApplication.java:327) ~[spring-boot-2.0.0.M6.jar:2.0.0.M6]
	at org.springframework.boot.test.context.SpringBootContextLoader.loadContext(SpringBootContextLoader.java:138) ~[spring-boot-test-2.0.0.M6.jar:2.0.0.M6]
	at org.springframework.test.context.cache.DefaultCacheAwareContextLoaderDelegate.loadContextInternal(DefaultCacheAwareContextLoaderDelegate.java:99) ~[spring-test-5.0.1.RELEASE.jar:5.0.1.RELEASE]
	at org.springframework.test.context.cache.DefaultCacheAwareContextLoaderDelegate.loadContext(DefaultCacheAwareContextLoaderDelegate.java:117) ~[spring-test-5.0.1.RELEASE.jar:5.0.1.RELEASE]
	... 28 common frames omitted
Caused by: org.springframework.jms.InvalidDestinationException: AmazonServiceException: getQueueUrl. RequestId: b5908a52-a975-5136-9005-de5b248f81a9
HTTPStatusCode: 400 AmazonErrorCode: AWS.SimpleQueueService.NonExistentQueue; nested exception is javax.jms.InvalidDestinationException: AmazonServiceException: getQueueUrl. RequestId: b5908a52-a975-5136-9005-de5b248f81a9
HTTPStatusCode: 400 AmazonErrorCode: AWS.SimpleQueueService.NonExistentQueue
	at org.springframework.jms.support.JmsUtils.convertJmsAccessException(JmsUtils.java:286) ~[spring-jms-5.0.1.RELEASE.jar:5.0.1.RELEASE]
	at org.springframework.jms.support.JmsAccessor.convertJmsAccessException(JmsAccessor.java:185) ~[spring-jms-5.0.1.RELEASE.jar:5.0.1.RELEASE]
	at org.springframework.jms.core.JmsTemplate.execute(JmsTemplate.java:507) ~[spring-jms-5.0.1.RELEASE.jar:5.0.1.RELEASE]
	at org.springframework.jms.core.JmsTemplate.send(JmsTemplate.java:584) ~[spring-jms-5.0.1.RELEASE.jar:5.0.1.RELEASE]
	at br.com.jonyfs.Producer.send(Producer.java:46) ~[classes/:na]
	at br.com.jonyfs.Producer.sendToQueueA(Producer.java:36) ~[classes/:na]
	at br.com.jonyfs.Producer.sendMessages(Producer.java:67) ~[classes/:na]
	at sun.reflect.NativeMethodAccessorImpl.invoke0(Native Method) ~[na:1.8.0_181]
	at sun.reflect.NativeMethodAccessorImpl.invoke(NativeMethodAccessorImpl.java:62) ~[na:1.8.0_181]
	at sun.reflect.DelegatingMethodAccessorImpl.invoke(DelegatingMethodAccessorImpl.java:43) ~[na:1.8.0_181]
	at java.lang.reflect.Method.invoke(Method.java:498) ~[na:1.8.0_181]
	at org.springframework.beans.factory.annotation.InitDestroyAnnotationBeanPostProcessor$LifecycleElement.invoke(InitDestroyAnnotationBeanPostProcessor.java:369) ~[spring-beans-5.0.1.RELEASE.jar:5.0.1.RELEASE]
	at org.springframework.beans.factory.annotation.InitDestroyAnnotationBeanPostProcessor$LifecycleMetadata.invokeInitMethods(InitDestroyAnnotationBeanPostProcessor.java:312) ~[spring-beans-5.0.1.RELEASE.jar:5.0.1.RELEASE]
	at org.springframework.beans.factory.annotation.InitDestroyAnnotationBeanPostProcessor.postProcessBeforeInitialization(InitDestroyAnnotationBeanPostProcessor.java:135) ~[spring-beans-5.0.1.RELEASE.jar:5.0.1.RELEASE]
	... 45 common frames omitted
Caused by: javax.jms.InvalidDestinationException: AmazonServiceException: getQueueUrl. RequestId: b5908a52-a975-5136-9005-de5b248f81a9
HTTPStatusCode: 400 AmazonErrorCode: AWS.SimpleQueueService.NonExistentQueue
	at com.amazon.sqs.javamessaging.AmazonSQSMessagingClientWrapper.handleException(AmazonSQSMessagingClientWrapper.java:411) ~[amazon-sqs-java-messaging-lib-1.0.4.jar:na]
	at com.amazon.sqs.javamessaging.AmazonSQSMessagingClientWrapper.getQueueUrl(AmazonSQSMessagingClientWrapper.java:282) ~[amazon-sqs-java-messaging-lib-1.0.4.jar:na]
	at com.amazon.sqs.javamessaging.AmazonSQSMessagingClientWrapper.getQueueUrl(AmazonSQSMessagingClientWrapper.java:251) ~[amazon-sqs-java-messaging-lib-1.0.4.jar:na]
	at com.amazon.sqs.javamessaging.SQSSession.createQueue(SQSSession.java:622) ~[amazon-sqs-java-messaging-lib-1.0.4.jar:na]
	at org.springframework.jms.support.destination.DynamicDestinationResolver.resolveQueue(DynamicDestinationResolver.java:85) ~[spring-jms-5.0.1.RELEASE.jar:5.0.1.RELEASE]
	at org.springframework.jms.support.destination.DynamicDestinationResolver.resolveDestinationName(DynamicDestinationResolver.java:59) ~[spring-jms-5.0.1.RELEASE.jar:5.0.1.RELEASE]
	at org.springframework.jms.support.destination.JmsDestinationAccessor.resolveDestinationName(JmsDestinationAccessor.java:115) ~[spring-jms-5.0.1.RELEASE.jar:5.0.1.RELEASE]
	at org.springframework.jms.core.JmsTemplate.lambda$send$3(JmsTemplate.java:585) ~[spring-jms-5.0.1.RELEASE.jar:5.0.1.RELEASE]
	at org.springframework.jms.core.JmsTemplate.execute(JmsTemplate.java:504) ~[spring-jms-5.0.1.RELEASE.jar:5.0.1.RELEASE]
	... 56 common frames omitted
Caused by: com.amazonaws.services.sqs.model.QueueDoesNotExistException: The specified queue does not exist for this wsdl version. (Service: AmazonSQS; Status Code: 400; Error Code: AWS.SimpleQueueService.NonExistentQueue; Request ID: b5908a52-a975-5136-9005-de5b248f81a9)
	at com.amazonaws.http.AmazonHttpClient$RequestExecutor.handleErrorResponse(AmazonHttpClient.java:1588) ~[aws-java-sdk-core-1.11.125.jar:na]
	at com.amazonaws.http.AmazonHttpClient$RequestExecutor.executeOneRequest(AmazonHttpClient.java:1258) ~[aws-java-sdk-core-1.11.125.jar:na]
	at com.amazonaws.http.AmazonHttpClient$RequestExecutor.executeHelper(AmazonHttpClient.java:1030) ~[aws-java-sdk-core-1.11.125.jar:na]
	at com.amazonaws.http.AmazonHttpClient$RequestExecutor.doExecute(AmazonHttpClient.java:742) ~[aws-java-sdk-core-1.11.125.jar:na]
	at com.amazonaws.http.AmazonHttpClient$RequestExecutor.executeWithTimer(AmazonHttpClient.java:716) ~[aws-java-sdk-core-1.11.125.jar:na]
	at com.amazonaws.http.AmazonHttpClient$RequestExecutor.execute(AmazonHttpClient.java:699) ~[aws-java-sdk-core-1.11.125.jar:na]
	at com.amazonaws.http.AmazonHttpClient$RequestExecutor.access$500(AmazonHttpClient.java:667) ~[aws-java-sdk-core-1.11.125.jar:na]
	at com.amazonaws.http.AmazonHttpClient$RequestExecutionBuilderImpl.execute(AmazonHttpClient.java:649) ~[aws-java-sdk-core-1.11.125.jar:na]
	at com.amazonaws.http.AmazonHttpClient.execute(AmazonHttpClient.java:513) ~[aws-java-sdk-core-1.11.125.jar:na]
	at com.amazonaws.services.sqs.AmazonSQSClient.doInvoke(AmazonSQSClient.java:1740) ~[aws-java-sdk-sqs-1.11.125.jar:na]
	at com.amazonaws.services.sqs.AmazonSQSClient.invoke(AmazonSQSClient.java:1716) ~[aws-java-sdk-sqs-1.11.125.jar:na]
	at com.amazonaws.services.sqs.AmazonSQSClient.executeGetQueueUrl(AmazonSQSClient.java:1075) ~[aws-java-sdk-sqs-1.11.125.jar:na]
	at com.amazonaws.services.sqs.AmazonSQSClient.getQueueUrl(AmazonSQSClient.java:1052) ~[aws-java-sdk-sqs-1.11.125.jar:na]
	at com.amazon.sqs.javamessaging.AmazonSQSMessagingClientWrapper.getQueueUrl(AmazonSQSMessagingClientWrapper.java:280) ~[amazon-sqs-java-messaging-lib-1.0.4.jar:na]
	... 63 common frames omitted
]]></system-out>
  </testcase>
</testsuite>